14-Mar-2024 10:20:22.054 INFO [main] org.apache.catalina.startup.VersionLoggerListener.log Server version name:   Apache Tomcat/8.5.99
14-Mar-2024 10:20:22.070 INFO [main] org.apache.catalina.startup.VersionLoggerListener.log Server built:          Feb 14 2024 22:52:13 UTC
14-Mar-2024 10:20:22.070 INFO [main] org.apache.catalina.startup.VersionLoggerListener.log Server version number: 8.5.99.0
14-Mar-2024 10:20:22.070 INFO [main] org.apache.catalina.startup.VersionLoggerListener.log OS Name:               Windows 10
14-Mar-2024 10:20:22.070 INFO [main] org.apache.catalina.startup.VersionLoggerListener.log OS Version:            10.0
14-Mar-2024 10:20:22.070 INFO [main] org.apache.catalina.startup.VersionLoggerListener.log Architecture:          amd64
14-Mar-2024 10:20:22.070 INFO [main] org.apache.catalina.startup.VersionLoggerListener.log Java Home:             C:\Program Files\Java\jdk-17.0.1
14-Mar-2024 10:20:22.070 INFO [main] org.apache.catalina.startup.VersionLoggerListener.log JVM Version:           17.0.1+12-LTS-39
14-Mar-2024 10:20:22.070 INFO [main] org.apache.catalina.startup.VersionLoggerListener.log JVM Vendor:            Oracle Corporation
14-Mar-2024 10:20:22.070 INFO [main] org.apache.catalina.startup.VersionLoggerListener.log CATALINA_BASE:         C:\Users\Arlesson\Desktop\Carlos\estudos\DWEB\apache-tomcat-8.5.99
14-Mar-2024 10:20:22.070 INFO [main] org.apache.catalina.startup.VersionLoggerListener.log CATALINA_HOME:         C:\Users\Arlesson\Desktop\Carlos\estudos\DWEB\apache-tomcat-8.5.99
14-Mar-2024 10:20:22.101 INFO [main] org.apache.catalina.startup.VersionLoggerListener.log Command line argument: --add-opens=java.base/java.lang=ALL-UNNAMED
14-Mar-2024 10:20:22.101 INFO [main] org.apache.catalina.startup.VersionLoggerListener.log Command line argument: --add-opens=java.base/java.io=ALL-UNNAMED
14-Mar-2024 10:20:22.101 INFO [main] org.apache.catalina.startup.VersionLoggerListener.log Command line argument: --add-opens=java.base/java.util=ALL-UNNAMED
14-Mar-2024 10:20:22.101 INFO [main] org.apache.catalina.startup.VersionLoggerListener.log Command line argument: --add-opens=java.base/java.util.concurrent=ALL-UNNAMED
14-Mar-2024 10:20:22.101 INFO [main] org.apache.catalina.startup.VersionLoggerListener.log Command line argument: --add-opens=java.rmi/sun.rmi.transport=ALL-UNNAMED
14-Mar-2024 10:20:22.101 INFO [main] org.apache.catalina.startup.VersionLoggerListener.log Command line argument: -Djava.util.logging.config.file=C:\Users\Arlesson\Desktop\Carlos\estudos\DWEB\apache-tomcat-8.5.99\conf\logging.properties
14-Mar-2024 10:20:22.101 INFO [main] org.apache.catalina.startup.VersionLoggerListener.log Command line argument: -Djava.util.logging.manager=org.apache.juli.ClassLoaderLogManager
14-Mar-2024 10:20:22.101 INFO [main] org.apache.catalina.startup.VersionLoggerListener.log Command line argument: -Djdk.tls.ephemeralDHKeySize=2048
14-Mar-2024 10:20:22.101 INFO [main] org.apache.catalina.startup.VersionLoggerListener.log Command line argument: -Djava.protocol.handler.pkgs=org.apache.catalina.webresources
14-Mar-2024 10:20:22.101 INFO [main] org.apache.catalina.startup.VersionLoggerListener.log Command line argument: -Dignore.endorsed.dirs=
14-Mar-2024 10:20:22.101 INFO [main] org.apache.catalina.startup.VersionLoggerListener.log Command line argument: -Dcatalina.base=C:\Users\Arlesson\Desktop\Carlos\estudos\DWEB\apache-tomcat-8.5.99
14-Mar-2024 10:20:22.101 INFO [main] org.apache.catalina.startup.VersionLoggerListener.log Command line argument: -Dcatalina.home=C:\Users\Arlesson\Desktop\Carlos\estudos\DWEB\apache-tomcat-8.5.99
14-Mar-2024 10:20:22.101 INFO [main] org.apache.catalina.startup.VersionLoggerListener.log Command line argument: -Djava.io.tmpdir=C:\Users\Arlesson\Desktop\Carlos\estudos\DWEB\apache-tomcat-8.5.99\temp
14-Mar-2024 10:20:22.116 INFO [main] org.apache.catalina.core.AprLifecycleListener.lifecycleEvent The Apache Tomcat Native library which allows using OpenSSL was not found on the java.library.path: [C:\Program Files\Java\jdk-17.0.1\bin;C:\WINDOWS\Sun\Java\bin;C:\WINDOWS\system32;C:\WINDOWS;C:\Program Files\Common Files\Oracle\Java\javapath;C:\ProgramData\Oracle\Java\javapath;C:\Program Files (x86)\AMD APP\bin\x86_64;C:\Program Files (x86)\AMD APP\bin\x86;C:\WINDOWS\system32;C:\WINDOWS;C:\WINDOWS\System32\Wbem;C:\WINDOWS\System32\WindowsPowerShell\v1.0\;C:\Program Files (x86)\ATI Technologies\ATI.ACE\Core-Static;C:\WINDOWS\System32\OpenSSH\;C:\Program Files\dotnet\;C:\Program Files\Git\cmd;C:\ProgramData\chocolatey\bin;C:\Program Files\nodejs\;C:\Program Files (x86)\Microsoft SQL Server\160\DTS\Binn\;C:\Program Files\Azure Data Studio\bin;C:\Program Files (x86)\Microsoft SQL Server\160\Tools\Binn\;C:\Program Files\Microsoft SQL Server\160\Tools\Binn\;C:\Program Files\Microsoft SQL Server\Client SDK\ODBC\170\Tools\Binn\;C:\Program Files\Microsoft SQL Server\160\DTS\Binn\;C:\Users\Arlesson\AppData\Local\Programs\Python\Python310\Scripts\;C:\Users\Arlesson\AppData\Local\Programs\Python\Python310\;C:\Users\Arlesson\AppData\Local\Programs\Python\Python39\Scripts\;C:\Users\Arlesson\AppData\Local\Programs\Python\Python39\;C:\Users\Arlesson\AppData\Local\Microsoft\WindowsApps;C:\Users\Arlesson\AppData\Local\Programs\Microsoft VS Code\bin;C:\Users\Arlesson\AppData\Local\GitHubDesktop\bin;C:\php;C:\MinGW\bin;C:\Users\Arlesson\AppData\Roaming\npm;C:\Program Files\Azure Data Studio\bin;C:\Program Files\MySQL\MySQL Server 8.0\bin;;.]
14-Mar-2024 10:20:26.851 INFO [main] org.apache.coyote.AbstractProtocol.init Initializing ProtocolHandler ["http-nio-8080"]
14-Mar-2024 10:20:28.226 INFO [main] org.apache.catalina.startup.Catalina.load Initialization processed in 30853 ms
14-Mar-2024 10:20:33.288 INFO [main] org.apache.catalina.core.StandardService.startInternal Starting service [Catalina]
14-Mar-2024 10:20:33.288 INFO [main] org.apache.catalina.core.StandardEngine.startInternal Starting Servlet engine: [Apache Tomcat/8.5.99]
14-Mar-2024 10:20:35.460 INFO [localhost-startStop-1] org.apache.catalina.startup.HostConfig.deployDirectory Deploying web application directory [C:\Users\Arlesson\Desktop\Carlos\estudos\DWEB\apache-tomcat-8.5.99\webapps\docs]
14-Mar-2024 10:20:52.600 WARNING [localhost-startStop-1] org.apache.catalina.util.SessionIdGeneratorBase.createSecureRandom Creation of SecureRandom instance for session ID generation using [SHA1PRNG] took [1,417] milliseconds.
14-Mar-2024 10:20:53.272 INFO [localhost-startStop-1] org.apache.catalina.startup.HostConfig.deployDirectory Deployment of web application directory [C:\Users\Arlesson\Desktop\Carlos\estudos\DWEB\apache-tomcat-8.5.99\webapps\docs] has finished in [17,812] ms
14-Mar-2024 10:20:53.282 INFO [localhost-startStop-1] org.apache.catalina.startup.HostConfig.deployDirectory Deploying web application directory [C:\Users\Arlesson\Desktop\Carlos\estudos\DWEB\apache-tomcat-8.5.99\webapps\examples]
14-Mar-2024 10:21:03.506 INFO [localhost-startStop-1] org.apache.catalina.startup.HostConfig.deployDirectory Deployment of web application directory [C:\Users\Arlesson\Desktop\Carlos\estudos\DWEB\apache-tomcat-8.5.99\webapps\examples] has finished in [10,224] ms
14-Mar-2024 10:21:03.506 INFO [localhost-startStop-1] org.apache.catalina.startup.HostConfig.deployDirectory Deploying web application directory [C:\Users\Arlesson\Desktop\Carlos\estudos\DWEB\apache-tomcat-8.5.99\webapps\host-manager]
14-Mar-2024 10:21:04.044 INFO [localhost-startStop-1] org.apache.catalina.startup.HostConfig.deployDirectory Deployment of web application directory [C:\Users\Arlesson\Desktop\Carlos\estudos\DWEB\apache-tomcat-8.5.99\webapps\host-manager] has finished in [538] ms
14-Mar-2024 10:21:04.044 INFO [localhost-startStop-1] org.apache.catalina.startup.HostConfig.deployDirectory Deploying web application directory [C:\Users\Arlesson\Desktop\Carlos\estudos\DWEB\apache-tomcat-8.5.99\webapps\manager]
14-Mar-2024 10:21:04.234 INFO [localhost-startStop-1] org.apache.catalina.startup.HostConfig.deployDirectory Deployment of web application directory [C:\Users\Arlesson\Desktop\Carlos\estudos\DWEB\apache-tomcat-8.5.99\webapps\manager] has finished in [174] ms
14-Mar-2024 10:21:04.234 INFO [localhost-startStop-1] org.apache.catalina.startup.HostConfig.deployDirectory Deploying web application directory [C:\Users\Arlesson\Desktop\Carlos\estudos\DWEB\apache-tomcat-8.5.99\webapps\programas]
14-Mar-2024 10:21:04.437 INFO [localhost-startStop-1] org.apache.catalina.startup.HostConfig.deployDirectory Deployment of web application directory [C:\Users\Arlesson\Desktop\Carlos\estudos\DWEB\apache-tomcat-8.5.99\webapps\programas] has finished in [203] ms
14-Mar-2024 10:21:04.437 INFO [localhost-startStop-1] org.apache.catalina.startup.HostConfig.deployDirectory Deploying web application directory [C:\Users\Arlesson\Desktop\Carlos\estudos\DWEB\apache-tomcat-8.5.99\webapps\ROOT]
14-Mar-2024 10:21:04.559 INFO [localhost-startStop-1] org.apache.catalina.startup.HostConfig.deployDirectory Deployment of web application directory [C:\Users\Arlesson\Desktop\Carlos\estudos\DWEB\apache-tomcat-8.5.99\webapps\ROOT] has finished in [122] ms
14-Mar-2024 10:21:04.584 INFO [main] org.apache.coyote.AbstractProtocol.start Starting ProtocolHandler ["http-nio-8080"]
14-Mar-2024 10:21:05.884 INFO [main] org.apache.catalina.startup.Catalina.start Server startup in 37640 ms
14-Mar-2024 10:52:30.296 WARNING [http-nio-8080-exec-6] org.apache.catalina.util.SessionIdGeneratorBase.createSecureRandom Creation of SecureRandom instance for session ID generation using [SHA1PRNG] took [235] milliseconds.
14-Mar-2024 10:52:30.255 WARNING [http-nio-8080-exec-2] org.apache.catalina.util.SessionIdGeneratorBase.createSecureRandom Creation of SecureRandom instance for session ID generation using [SHA1PRNG] took [230] milliseconds.
14-Mar-2024 10:52:30.296 WARNING [http-nio-8080-exec-9] org.apache.catalina.util.SessionIdGeneratorBase.createSecureRandom Creation of SecureRandom instance for session ID generation using [SHA1PRNG] took [236] milliseconds.
