07-Mar-2024 10:23:21.098 INFO [main] org.apache.catalina.startup.VersionLoggerListener.log Server version name:   Apache Tomcat/8.5.99
07-Mar-2024 10:23:46.660 INFO [main] org.apache.catalina.startup.VersionLoggerListener.log Server version name:   Apache Tomcat/8.5.99
07-Mar-2024 10:23:46.668 INFO [main] org.apache.catalina.startup.VersionLoggerListener.log Server built:          Feb 14 2024 22:52:13 UTC
07-Mar-2024 10:23:46.670 INFO [main] org.apache.catalina.startup.VersionLoggerListener.log Server version number: 8.5.99.0
07-Mar-2024 10:23:46.671 INFO [main] org.apache.catalina.startup.VersionLoggerListener.log OS Name:               Windows 10
07-Mar-2024 10:23:46.671 INFO [main] org.apache.catalina.startup.VersionLoggerListener.log OS Version:            10.0
07-Mar-2024 10:23:46.672 INFO [main] org.apache.catalina.startup.VersionLoggerListener.log Architecture:          amd64
07-Mar-2024 10:23:46.673 INFO [main] org.apache.catalina.startup.VersionLoggerListener.log Java Home:             C:\Program Files\Java\jdk-17.0.1
07-Mar-2024 10:23:46.674 INFO [main] org.apache.catalina.startup.VersionLoggerListener.log JVM Version:           17.0.1+12-LTS-39
07-Mar-2024 10:23:46.674 INFO [main] org.apache.catalina.startup.VersionLoggerListener.log JVM Vendor:            Oracle Corporation
07-Mar-2024 10:23:46.675 INFO [main] org.apache.catalina.startup.VersionLoggerListener.log CATALINA_BASE:         C:\Users\Arlesson\Desktop\Carlos\estudos\DWEB\apache-tomcat-8.5.99
07-Mar-2024 10:23:46.675 INFO [main] org.apache.catalina.startup.VersionLoggerListener.log CATALINA_HOME:         C:\Users\Arlesson\Desktop\Carlos\estudos\DWEB\apache-tomcat-8.5.99
07-Mar-2024 10:23:46.676 INFO [main] org.apache.catalina.startup.VersionLoggerListener.log Command line argument: --add-opens=java.base/java.lang=ALL-UNNAMED
07-Mar-2024 10:23:46.677 INFO [main] org.apache.catalina.startup.VersionLoggerListener.log Command line argument: --add-opens=java.base/java.io=ALL-UNNAMED
07-Mar-2024 10:23:46.678 INFO [main] org.apache.catalina.startup.VersionLoggerListener.log Command line argument: --add-opens=java.base/java.util=ALL-UNNAMED
07-Mar-2024 10:23:46.678 INFO [main] org.apache.catalina.startup.VersionLoggerListener.log Command line argument: --add-opens=java.base/java.util.concurrent=ALL-UNNAMED
07-Mar-2024 10:23:46.679 INFO [main] org.apache.catalina.startup.VersionLoggerListener.log Command line argument: --add-opens=java.rmi/sun.rmi.transport=ALL-UNNAMED
07-Mar-2024 10:23:46.680 INFO [main] org.apache.catalina.startup.VersionLoggerListener.log Command line argument: -Djava.util.logging.config.file=C:\Users\Arlesson\Desktop\Carlos\estudos\DWEB\apache-tomcat-8.5.99\conf\logging.properties
07-Mar-2024 10:23:46.681 INFO [main] org.apache.catalina.startup.VersionLoggerListener.log Command line argument: -Djava.util.logging.manager=org.apache.juli.ClassLoaderLogManager
07-Mar-2024 10:23:46.683 INFO [main] org.apache.catalina.startup.VersionLoggerListener.log Command line argument: -Djdk.tls.ephemeralDHKeySize=2048
07-Mar-2024 10:23:46.694 INFO [main] org.apache.catalina.startup.VersionLoggerListener.log Command line argument: -Djava.protocol.handler.pkgs=org.apache.catalina.webresources
07-Mar-2024 10:23:46.696 INFO [main] org.apache.catalina.startup.VersionLoggerListener.log Command line argument: -Dignore.endorsed.dirs=
07-Mar-2024 10:23:46.697 INFO [main] org.apache.catalina.startup.VersionLoggerListener.log Command line argument: -Dcatalina.base=C:\Users\Arlesson\Desktop\Carlos\estudos\DWEB\apache-tomcat-8.5.99
07-Mar-2024 10:23:46.698 INFO [main] org.apache.catalina.startup.VersionLoggerListener.log Command line argument: -Dcatalina.home=C:\Users\Arlesson\Desktop\Carlos\estudos\DWEB\apache-tomcat-8.5.99
07-Mar-2024 10:23:46.699 INFO [main] org.apache.catalina.startup.VersionLoggerListener.log Command line argument: -Djava.io.tmpdir=C:\Users\Arlesson\Desktop\Carlos\estudos\DWEB\apache-tomcat-8.5.99\temp
07-Mar-2024 10:23:46.701 INFO [main] org.apache.catalina.core.AprLifecycleListener.lifecycleEvent The Apache Tomcat Native library which allows using OpenSSL was not found on the java.library.path: [C:\Program Files\Java\jdk-17.0.1\bin;C:\WINDOWS\Sun\Java\bin;C:\WINDOWS\system32;C:\WINDOWS;C:\Program Files\Common Files\Oracle\Java\javapath;C:\ProgramData\Oracle\Java\javapath;C:\Program Files (x86)\AMD APP\bin\x86_64;C:\Program Files (x86)\AMD APP\bin\x86;C:\WINDOWS\system32;C:\WINDOWS;C:\WINDOWS\System32\Wbem;C:\WINDOWS\System32\WindowsPowerShell\v1.0\;C:\Program Files (x86)\ATI Technologies\ATI.ACE\Core-Static;C:\WINDOWS\System32\OpenSSH\;C:\Program Files\dotnet\;C:\Program Files\Git\cmd;C:\ProgramData\chocolatey\bin;C:\Program Files\nodejs\;C:\Program Files (x86)\Microsoft SQL Server\160\DTS\Binn\;C:\Program Files\Azure Data Studio\bin;C:\Program Files (x86)\Microsoft SQL Server\160\Tools\Binn\;C:\Program Files\Microsoft SQL Server\160\Tools\Binn\;C:\Program Files\Microsoft SQL Server\Client SDK\ODBC\170\Tools\Binn\;C:\Program Files\Microsoft SQL Server\160\DTS\Binn\;C:\Users\Arlesson\AppData\Local\Programs\Python\Python310\Scripts\;C:\Users\Arlesson\AppData\Local\Programs\Python\Python310\;C:\Users\Arlesson\AppData\Local\Programs\Python\Python39\Scripts\;C:\Users\Arlesson\AppData\Local\Programs\Python\Python39\;C:\Users\Arlesson\AppData\Local\Microsoft\WindowsApps;C:\Users\Arlesson\AppData\Local\Programs\Microsoft VS Code\bin;C:\Users\Arlesson\AppData\Local\GitHubDesktop\bin;C:\php;C:\MinGW\bin;C:\Users\Arlesson\AppData\Roaming\npm;C:\Program Files\Azure Data Studio\bin;.]
07-Mar-2024 10:23:46.910 INFO [main] org.apache.coyote.AbstractProtocol.init Initializing ProtocolHandler ["http-nio-8080"]
07-Mar-2024 10:23:47.222 INFO [main] org.apache.catalina.startup.Catalina.load Initialization processed in 1650 ms
07-Mar-2024 10:23:48.222 INFO [main] org.apache.catalina.core.StandardService.startInternal Starting service [Catalina]
07-Mar-2024 10:23:48.222 INFO [main] org.apache.catalina.core.StandardEngine.startInternal Starting Servlet engine: [Apache Tomcat/8.5.99]
07-Mar-2024 10:23:48.394 INFO [localhost-startStop-1] org.apache.catalina.startup.HostConfig.deployDirectory Deploying web application directory [C:\Users\Arlesson\Desktop\Carlos\estudos\DWEB\apache-tomcat-8.5.99\webapps\docs]
07-Mar-2024 10:23:50.552 WARNING [localhost-startStop-1] org.apache.catalina.util.SessionIdGeneratorBase.createSecureRandom Creation of SecureRandom instance for session ID generation using [SHA1PRNG] took [253] milliseconds.
07-Mar-2024 10:23:50.695 INFO [localhost-startStop-1] org.apache.catalina.startup.HostConfig.deployDirectory Deployment of web application directory [C:\Users\Arlesson\Desktop\Carlos\estudos\DWEB\apache-tomcat-8.5.99\webapps\docs] has finished in [2,301] ms
07-Mar-2024 10:23:50.695 INFO [localhost-startStop-1] org.apache.catalina.startup.HostConfig.deployDirectory Deploying web application directory [C:\Users\Arlesson\Desktop\Carlos\estudos\DWEB\apache-tomcat-8.5.99\webapps\examples]
07-Mar-2024 10:23:53.817 INFO [localhost-startStop-1] org.apache.catalina.startup.HostConfig.deployDirectory Deployment of web application directory [C:\Users\Arlesson\Desktop\Carlos\estudos\DWEB\apache-tomcat-8.5.99\webapps\examples] has finished in [3,122] ms
07-Mar-2024 10:23:53.817 INFO [localhost-startStop-1] org.apache.catalina.startup.HostConfig.deployDirectory Deploying web application directory [C:\Users\Arlesson\Desktop\Carlos\estudos\DWEB\apache-tomcat-8.5.99\webapps\host-manager]
07-Mar-2024 10:23:54.223 INFO [localhost-startStop-1] org.apache.catalina.startup.HostConfig.deployDirectory Deployment of web application directory [C:\Users\Arlesson\Desktop\Carlos\estudos\DWEB\apache-tomcat-8.5.99\webapps\host-manager] has finished in [406] ms
07-Mar-2024 10:23:54.223 INFO [localhost-startStop-1] org.apache.catalina.startup.HostConfig.deployDirectory Deploying web application directory [C:\Users\Arlesson\Desktop\Carlos\estudos\DWEB\apache-tomcat-8.5.99\webapps\manager]
07-Mar-2024 10:23:54.395 INFO [localhost-startStop-1] org.apache.catalina.startup.HostConfig.deployDirectory Deployment of web application directory [C:\Users\Arlesson\Desktop\Carlos\estudos\DWEB\apache-tomcat-8.5.99\webapps\manager] has finished in [172] ms
07-Mar-2024 10:23:54.395 INFO [localhost-startStop-1] org.apache.catalina.startup.HostConfig.deployDirectory Deploying web application directory [C:\Users\Arlesson\Desktop\Carlos\estudos\DWEB\apache-tomcat-8.5.99\webapps\ROOT]
07-Mar-2024 10:23:54.489 INFO [localhost-startStop-1] org.apache.catalina.startup.HostConfig.deployDirectory Deployment of web application directory [C:\Users\Arlesson\Desktop\Carlos\estudos\DWEB\apache-tomcat-8.5.99\webapps\ROOT] has finished in [94] ms
07-Mar-2024 10:23:54.505 INFO [main] org.apache.coyote.AbstractProtocol.start Starting ProtocolHandler ["http-nio-8080"]
07-Mar-2024 10:23:54.880 INFO [main] org.apache.catalina.startup.Catalina.start Server startup in 7649 ms
07-Mar-2024 10:27:55.105 INFO [localhost-startStop-2] org.apache.catalina.startup.HostConfig.deployDirectory Deploying web application directory [C:\Users\Arlesson\Desktop\Carlos\estudos\DWEB\apache-tomcat-8.5.99\webapps\programas]
07-Mar-2024 10:27:55.238 INFO [localhost-startStop-2] org.apache.catalina.startup.HostConfig.deployDirectory Deployment of web application directory [C:\Users\Arlesson\Desktop\Carlos\estudos\DWEB\apache-tomcat-8.5.99\webapps\programas] has finished in [133] ms
