30-Jul-2024 16:39:25.621 INFO [main] org.apache.catalina.startup.VersionLoggerListener.log Server version name:   Apache Tomcat/8.5.99
30-Jul-2024 16:39:25.621 INFO [main] org.apache.catalina.startup.VersionLoggerListener.log Server built:          Feb 14 2024 22:52:13 UTC
30-Jul-2024 16:39:25.621 INFO [main] org.apache.catalina.startup.VersionLoggerListener.log Server version number: 8.5.99.0
30-Jul-2024 16:39:25.621 INFO [main] org.apache.catalina.startup.VersionLoggerListener.log OS Name:               Windows 10
30-Jul-2024 16:39:25.621 INFO [main] org.apache.catalina.startup.VersionLoggerListener.log OS Version:            10.0
30-Jul-2024 16:39:25.621 INFO [main] org.apache.catalina.startup.VersionLoggerListener.log Architecture:          amd64
30-Jul-2024 16:39:25.621 INFO [main] org.apache.catalina.startup.VersionLoggerListener.log Java Home:             C:\Program Files\Java\jdk-22
30-Jul-2024 16:39:25.621 INFO [main] org.apache.catalina.startup.VersionLoggerListener.log JVM Version:           22.0.1+8-16
30-Jul-2024 16:39:25.621 INFO [main] org.apache.catalina.startup.VersionLoggerListener.log JVM Vendor:            Oracle Corporation
30-Jul-2024 16:39:25.621 INFO [main] org.apache.catalina.startup.VersionLoggerListener.log CATALINA_BASE:         C:\Users\user\Desktop\Estudos\DWEB\apache-tomcat-8.5.99
30-Jul-2024 16:39:25.621 INFO [main] org.apache.catalina.startup.VersionLoggerListener.log CATALINA_HOME:         C:\Users\user\Desktop\Estudos\DWEB\apache-tomcat-8.5.99
30-Jul-2024 16:39:25.639 INFO [main] org.apache.catalina.startup.VersionLoggerListener.log Command line argument: --add-opens=java.base/java.lang=ALL-UNNAMED
30-Jul-2024 16:39:25.640 INFO [main] org.apache.catalina.startup.VersionLoggerListener.log Command line argument: --add-opens=java.base/java.io=ALL-UNNAMED
30-Jul-2024 16:39:25.640 INFO [main] org.apache.catalina.startup.VersionLoggerListener.log Command line argument: --add-opens=java.base/java.util=ALL-UNNAMED
30-Jul-2024 16:39:25.640 INFO [main] org.apache.catalina.startup.VersionLoggerListener.log Command line argument: --add-opens=java.base/java.util.concurrent=ALL-UNNAMED
30-Jul-2024 16:39:25.640 INFO [main] org.apache.catalina.startup.VersionLoggerListener.log Command line argument: --add-opens=java.rmi/sun.rmi.transport=ALL-UNNAMED
30-Jul-2024 16:39:25.641 INFO [main] org.apache.catalina.startup.VersionLoggerListener.log Command line argument: -Djava.util.logging.config.file=C:\Users\user\Desktop\Estudos\DWEB\apache-tomcat-8.5.99\conf\logging.properties
30-Jul-2024 16:39:25.641 INFO [main] org.apache.catalina.startup.VersionLoggerListener.log Command line argument: -Djava.util.logging.manager=org.apache.juli.ClassLoaderLogManager
30-Jul-2024 16:39:25.641 INFO [main] org.apache.catalina.startup.VersionLoggerListener.log Command line argument: -Djdk.tls.ephemeralDHKeySize=2048
30-Jul-2024 16:39:25.642 INFO [main] org.apache.catalina.startup.VersionLoggerListener.log Command line argument: -Djava.protocol.handler.pkgs=org.apache.catalina.webresources
30-Jul-2024 16:39:25.642 INFO [main] org.apache.catalina.startup.VersionLoggerListener.log Command line argument: -Dignore.endorsed.dirs=
30-Jul-2024 16:39:25.642 INFO [main] org.apache.catalina.startup.VersionLoggerListener.log Command line argument: -Dcatalina.base=C:\Users\user\Desktop\Estudos\DWEB\apache-tomcat-8.5.99
30-Jul-2024 16:39:25.643 INFO [main] org.apache.catalina.startup.VersionLoggerListener.log Command line argument: -Dcatalina.home=C:\Users\user\Desktop\Estudos\DWEB\apache-tomcat-8.5.99
30-Jul-2024 16:39:25.644 INFO [main] org.apache.catalina.startup.VersionLoggerListener.log Command line argument: -Djava.io.tmpdir=C:\Users\user\Desktop\Estudos\DWEB\apache-tomcat-8.5.99\temp
30-Jul-2024 16:39:25.644 INFO [main] org.apache.catalina.core.AprLifecycleListener.lifecycleEvent Loaded Apache Tomcat Native library [1.2.39] using APR version [1.7.4].
30-Jul-2024 16:39:25.644 INFO [main] org.apache.catalina.core.AprLifecycleListener.lifecycleEvent APR capabilities: IPv6 [true], sendfile [true], accept filters [false], random [true], UDS [{4}].
30-Jul-2024 16:39:25.723 INFO [main] org.apache.catalina.core.AprLifecycleListener.lifecycleEvent APR/OpenSSL configuration: useAprConnector [false], useOpenSSL [true]
30-Jul-2024 16:39:25.760 INFO [main] org.apache.catalina.core.AprLifecycleListener.initializeSSL OpenSSL successfully initialized [OpenSSL 3.0.11 19 Sep 2023]
30-Jul-2024 16:39:25.826 INFO [main] org.apache.coyote.AbstractProtocol.init Initializing ProtocolHandler ["http-nio-8080"]
30-Jul-2024 16:39:25.894 INFO [main] org.apache.catalina.startup.Catalina.load Initialization processed in 1309 ms
30-Jul-2024 16:39:26.032 INFO [main] org.apache.catalina.core.StandardService.startInternal Starting service [Catalina]
30-Jul-2024 16:39:26.032 INFO [main] org.apache.catalina.core.StandardEngine.startInternal Starting Servlet engine: [Apache Tomcat/8.5.99]
30-Jul-2024 16:39:26.081 INFO [localhost-startStop-1] org.apache.catalina.startup.HostConfig.deployDescriptor Deploying deployment descriptor [C:\Users\user\Desktop\Estudos\DWEB\apache-tomcat-8.5.99\conf\Catalina\localhost\alexandre_pizzaria.xml]
30-Jul-2024 16:39:26.134 WARNING [localhost-startStop-1] org.apache.catalina.startup.HostConfig.deployDescriptor The path attribute with value [/alexandre_pizzaria] in deployment descriptor [C:\Users\user\Desktop\Estudos\DWEB\apache-tomcat-8.5.99\conf\Catalina\localhost\alexandre_pizzaria.xml] has been ignored
30-Jul-2024 16:39:27.939 INFO [localhost-startStop-1] org.apache.jasper.servlet.TldScanner.scanJars At least one JAR was scanned for TLDs yet contained no TLDs. Enable debug logging for this logger for a complete list of JARs that were scanned but no TLDs were found in them. Skipping unneeded JARs during scanning can improve startup time and JSP compilation time.
30-Jul-2024 16:39:28.025 INFO [localhost-startStop-1] org.apache.catalina.startup.HostConfig.deployDescriptor Deployment of deployment descriptor [C:\Users\user\Desktop\Estudos\DWEB\apache-tomcat-8.5.99\conf\Catalina\localhost\alexandre_pizzaria.xml] has finished in [1,943] ms
30-Jul-2024 16:39:28.026 INFO [localhost-startStop-1] org.apache.catalina.startup.HostConfig.deployDescriptor Deploying deployment descriptor [C:\Users\user\Desktop\Estudos\DWEB\apache-tomcat-8.5.99\conf\Catalina\localhost\clinica_prosaude.xml]
30-Jul-2024 16:39:28.029 WARNING [localhost-startStop-1] org.apache.catalina.startup.HostConfig.deployDescriptor The path attribute with value [/clinica_prosaude] in deployment descriptor [C:\Users\user\Desktop\Estudos\DWEB\apache-tomcat-8.5.99\conf\Catalina\localhost\clinica_prosaude.xml] has been ignored
30-Jul-2024 16:39:29.405 WARNING [localhost-startStop-1] org.apache.catalina.webresources.Cache.getResource Unable to add the resource at [/WEB-INF/classes/src/test/java/testsuite/simple/DateTimeTest.java] to the cache for web application [/clinica_prosaude] because there was insufficient free space available after evicting expired cache entries - consider increasing the maximum size of the cache
30-Jul-2024 16:39:29.413 WARNING [localhost-startStop-1] org.apache.catalina.webresources.Cache.getResource Unable to add the resource at [/WEB-INF/classes/src/test/java/testsuite/simple/QueryAttributesTest.java] to the cache for web application [/clinica_prosaude] because there was insufficient free space available after evicting expired cache entries - consider increasing the maximum size of the cache
30-Jul-2024 16:39:29.416 WARNING [localhost-startStop-1] org.apache.catalina.webresources.Cache.getResource Unable to add the resource at [/WEB-INF/classes/src/test/java/testsuite/simple/ResultSetTest.java] to the cache for web application [/clinica_prosaude] because there was insufficient free space available after evicting expired cache entries - consider increasing the maximum size of the cache
30-Jul-2024 16:39:29.418 WARNING [localhost-startStop-1] org.apache.catalina.webresources.Cache.getResource Unable to add the resource at [/WEB-INF/classes/src/test/java/testsuite/simple/SecureConnectionTest.java] to the cache for web application [/clinica_prosaude] because there was insufficient free space available after evicting expired cache entries - consider increasing the maximum size of the cache
30-Jul-2024 16:39:29.420 WARNING [localhost-startStop-1] org.apache.catalina.webresources.Cache.getResource Unable to add the resource at [/WEB-INF/classes/src/test/java/testsuite/simple/ServerControllerTest.java] to the cache for web application [/clinica_prosaude] because there was insufficient free space available after evicting expired cache entries - consider increasing the maximum size of the cache
30-Jul-2024 16:39:29.422 WARNING [localhost-startStop-1] org.apache.catalina.webresources.Cache.getResource Unable to add the resource at [/WEB-INF/classes/src/test/java/testsuite/simple/SimpleTransformer.java] to the cache for web application [/clinica_prosaude] because there was insufficient free space available after evicting expired cache entries - consider increasing the maximum size of the cache
30-Jul-2024 16:39:29.423 WARNING [localhost-startStop-1] org.apache.catalina.webresources.Cache.getResource Unable to add the resource at [/WEB-INF/classes/src/test/java/testsuite/simple/SplitDBdotNameTest.java] to the cache for web application [/clinica_prosaude] because there was insufficient free space available after evicting expired cache entries - consider increasing the maximum size of the cache
30-Jul-2024 16:39:29.425 WARNING [localhost-startStop-1] org.apache.catalina.webresources.Cache.getResource Unable to add the resource at [/WEB-INF/classes/src/test/java/testsuite/simple/StatementsTest.java] to the cache for web application [/clinica_prosaude] because there was insufficient free space available after evicting expired cache entries - consider increasing the maximum size of the cache
30-Jul-2024 16:39:29.426 WARNING [localhost-startStop-1] org.apache.catalina.webresources.Cache.getResource Unable to add the resource at [/WEB-INF/classes/src/test/java/testsuite/simple/TestLifecycleInterceptor.java] to the cache for web application [/clinica_prosaude] because there was insufficient free space available after evicting expired cache entries - consider increasing the maximum size of the cache
30-Jul-2024 16:39:29.429 WARNING [localhost-startStop-1] org.apache.catalina.webresources.Cache.getResource Unable to add the resource at [/WEB-INF/classes/src/test/java/testsuite/simple/TransactionTest.java] to the cache for web application [/clinica_prosaude] because there was insufficient free space available after evicting expired cache entries - consider increasing the maximum size of the cache
30-Jul-2024 16:39:29.432 WARNING [localhost-startStop-1] org.apache.catalina.webresources.Cache.getResource Unable to add the resource at [/WEB-INF/classes/src/test/java/testsuite/simple/TraversalTest.java] to the cache for web application [/clinica_prosaude] because there was insufficient free space available after evicting expired cache entries - consider increasing the maximum size of the cache
30-Jul-2024 16:39:29.456 WARNING [localhost-startStop-1] org.apache.catalina.webresources.Cache.getResource Unable to add the resource at [/WEB-INF/classes/src/test/java/testsuite/simple/UpdatabilityTest.java] to the cache for web application [/clinica_prosaude] because there was insufficient free space available after evicting expired cache entries - consider increasing the maximum size of the cache
30-Jul-2024 16:39:29.459 WARNING [localhost-startStop-1] org.apache.catalina.webresources.Cache.getResource Unable to add the resource at [/WEB-INF/classes/src/test/java/testsuite/simple/UtilsTest.java] to the cache for web application [/clinica_prosaude] because there was insufficient free space available after evicting expired cache entries - consider increasing the maximum size of the cache
30-Jul-2024 16:39:29.462 WARNING [localhost-startStop-1] org.apache.catalina.webresources.Cache.getResource Unable to add the resource at [/WEB-INF/classes/src/test/java/testsuite/simple/XATest.java] to the cache for web application [/clinica_prosaude] because there was insufficient free space available after evicting expired cache entries - consider increasing the maximum size of the cache
30-Jul-2024 16:39:29.462 WARNING [localhost-startStop-1] org.apache.catalina.webresources.Cache.getResource Unable to add the resource at [/WEB-INF/classes/src/test/java/testsuite/x/devapi/AsyncQueryTest.java] to the cache for web application [/clinica_prosaude] because there was insufficient free space available after evicting expired cache entries - consider increasing the maximum size of the cache
30-Jul-2024 16:39:29.462 WARNING [localhost-startStop-1] org.apache.catalina.webresources.Cache.getResource Unable to add the resource at [/WEB-INF/classes/src/test/java/testsuite/x/devapi/BaseCollectionTestCase.java] to the cache for web application [/clinica_prosaude] because there was insufficient free space available after evicting expired cache entries - consider increasing the maximum size of the cache
30-Jul-2024 16:39:29.478 WARNING [localhost-startStop-1] org.apache.catalina.webresources.Cache.getResource Unable to add the resource at [/WEB-INF/classes/src/test/java/testsuite/x/devapi/BaseTableTestCase.java] to the cache for web application [/clinica_prosaude] because there was insufficient free space available after evicting expired cache entries - consider increasing the maximum size of the cache
30-Jul-2024 16:39:29.479 WARNING [localhost-startStop-1] org.apache.catalina.webresources.Cache.getResource Unable to add the resource at [/WEB-INF/classes/src/test/java/testsuite/x/devapi/BindTest.java] to the cache for web application [/clinica_prosaude] because there was insufficient free space available after evicting expired cache entries - consider increasing the maximum size of the cache
30-Jul-2024 16:39:29.481 WARNING [localhost-startStop-1] org.apache.catalina.webresources.Cache.getResource Unable to add the resource at [/WEB-INF/classes/src/test/java/testsuite/x/devapi/CollectionAddTest.java] to the cache for web application [/clinica_prosaude] because there was insufficient free space available after evicting expired cache entries - consider increasing the maximum size of the cache
30-Jul-2024 16:39:29.483 WARNING [localhost-startStop-1] org.apache.catalina.webresources.Cache.getResource Unable to add the resource at [/WEB-INF/classes/src/test/java/testsuite/x/devapi/CollectionFindTest.java] to the cache for web application [/clinica_prosaude] because there was insufficient free space available after evicting expired cache entries - consider increasing the maximum size of the cache
30-Jul-2024 16:39:29.485 WARNING [localhost-startStop-1] org.apache.catalina.webresources.Cache.getResource Unable to add the resource at [/WEB-INF/classes/src/test/java/testsuite/x/devapi/CollectionModifyTest.java] to the cache for web application [/clinica_prosaude] because there was insufficient free space available after evicting expired cache entries - consider increasing the maximum size of the cache
30-Jul-2024 16:39:29.488 WARNING [localhost-startStop-1] org.apache.catalina.webresources.Cache.getResource Unable to add the resource at [/WEB-INF/classes/src/test/java/testsuite/x/devapi/CollectionRemoveTest.java] to the cache for web application [/clinica_prosaude] because there was insufficient free space available after evicting expired cache entries - consider increasing the maximum size of the cache
30-Jul-2024 16:39:29.509 WARNING [localhost-startStop-1] org.apache.catalina.webresources.Cache.getResource Unable to add the resource at [/WEB-INF/classes/src/test/java/testsuite/x/devapi/CollectionTest.java] to the cache for web application [/clinica_prosaude] because there was insufficient free space available after evicting expired cache entries - consider increasing the maximum size of the cache
30-Jul-2024 16:39:29.511 WARNING [localhost-startStop-1] org.apache.catalina.webresources.Cache.getResource Unable to add the resource at [/WEB-INF/classes/src/test/java/testsuite/x/devapi/CompressionTest.java] to the cache for web application [/clinica_prosaude] because there was insufficient free space available after evicting expired cache entries - consider increasing the maximum size of the cache
30-Jul-2024 16:39:29.513 WARNING [localhost-startStop-1] org.apache.catalina.webresources.Cache.getResource Unable to add the resource at [/WEB-INF/classes/src/test/java/testsuite/x/devapi/DevApiBaseTestCase.java] to the cache for web application [/clinica_prosaude] because there was insufficient free space available after evicting expired cache entries - consider increasing the maximum size of the cache
30-Jul-2024 16:39:29.516 WARNING [localhost-startStop-1] org.apache.catalina.webresources.Cache.getResource Unable to add the resource at [/WEB-INF/classes/src/test/java/testsuite/x/devapi/Ipv6SupportTest.java] to the cache for web application [/clinica_prosaude] because there was insufficient free space available after evicting expired cache entries - consider increasing the maximum size of the cache
30-Jul-2024 16:39:29.520 WARNING [localhost-startStop-1] org.apache.catalina.webresources.Cache.getResource Unable to add the resource at [/WEB-INF/classes/src/test/java/testsuite/x/devapi/MetadataTest.java] to the cache for web application [/clinica_prosaude] because there was insufficient free space available after evicting expired cache entries - consider increasing the maximum size of the cache
30-Jul-2024 16:39:29.522 WARNING [localhost-startStop-1] org.apache.catalina.webresources.Cache.getResource Unable to add the resource at [/WEB-INF/classes/src/test/java/testsuite/x/devapi/package-info.java] to the cache for web application [/clinica_prosaude] because there was insufficient free space available after evicting expired cache entries - consider increasing the maximum size of the cache
30-Jul-2024 16:39:29.524 WARNING [localhost-startStop-1] org.apache.catalina.webresources.Cache.getResource Unable to add the resource at [/WEB-INF/classes/src/test/java/testsuite/x/devapi/ResultTest.java] to the cache for web application [/clinica_prosaude] because there was insufficient free space available after evicting expired cache entries - consider increasing the maximum size of the cache
30-Jul-2024 16:39:29.527 WARNING [localhost-startStop-1] org.apache.catalina.webresources.Cache.getResource Unable to add the resource at [/WEB-INF/classes/src/test/java/testsuite/x/devapi/RowLockingTest.java] to the cache for web application [/clinica_prosaude] because there was insufficient free space available after evicting expired cache entries - consider increasing the maximum size of the cache
30-Jul-2024 16:39:29.529 WARNING [localhost-startStop-1] org.apache.catalina.webresources.Cache.getResource Unable to add the resource at [/WEB-INF/classes/src/test/java/testsuite/x/devapi/SchemaTest.java] to the cache for web application [/clinica_prosaude] because there was insufficient free space available after evicting expired cache entries - consider increasing the maximum size of the cache
30-Jul-2024 16:39:29.531 WARNING [localhost-startStop-1] org.apache.catalina.webresources.Cache.getResource Unable to add the resource at [/WEB-INF/classes/src/test/java/testsuite/x/devapi/SecureSessionTest.java] to the cache for web application [/clinica_prosaude] because there was insufficient free space available after evicting expired cache entries - consider increasing the maximum size of the cache
30-Jul-2024 16:39:29.532 WARNING [localhost-startStop-1] org.apache.catalina.webresources.Cache.getResource Unable to add the resource at [/WEB-INF/classes/src/test/java/testsuite/x/devapi/SessionFailoverTest.java] to the cache for web application [/clinica_prosaude] because there was insufficient free space available after evicting expired cache entries - consider increasing the maximum size of the cache
30-Jul-2024 16:39:29.562 WARNING [localhost-startStop-1] org.apache.catalina.webresources.Cache.getResource Unable to add the resource at [/WEB-INF/classes/src/test/java/testsuite/x/devapi/SessionTest.java] to the cache for web application [/clinica_prosaude] because there was insufficient free space available after evicting expired cache entries - consider increasing the maximum size of the cache
30-Jul-2024 16:39:29.565 WARNING [localhost-startStop-1] org.apache.catalina.webresources.Cache.getResource Unable to add the resource at [/WEB-INF/classes/src/test/java/testsuite/x/devapi/TableDeleteTest.java] to the cache for web application [/clinica_prosaude] because there was insufficient free space available after evicting expired cache entries - consider increasing the maximum size of the cache
30-Jul-2024 16:39:29.567 WARNING [localhost-startStop-1] org.apache.catalina.webresources.Cache.getResource Unable to add the resource at [/WEB-INF/classes/src/test/java/testsuite/x/devapi/TableInsertTest.java] to the cache for web application [/clinica_prosaude] because there was insufficient free space available after evicting expired cache entries - consider increasing the maximum size of the cache
30-Jul-2024 16:39:29.570 WARNING [localhost-startStop-1] org.apache.catalina.webresources.Cache.getResource Unable to add the resource at [/WEB-INF/classes/src/test/java/testsuite/x/devapi/TableSelectTest.java] to the cache for web application [/clinica_prosaude] because there was insufficient free space available after evicting expired cache entries - consider increasing the maximum size of the cache
30-Jul-2024 16:39:29.572 WARNING [localhost-startStop-1] org.apache.catalina.webresources.Cache.getResource Unable to add the resource at [/WEB-INF/classes/src/test/java/testsuite/x/devapi/TableTest.java] to the cache for web application [/clinica_prosaude] because there was insufficient free space available after evicting expired cache entries - consider increasing the maximum size of the cache
30-Jul-2024 16:39:29.574 WARNING [localhost-startStop-1] org.apache.catalina.webresources.Cache.getResource Unable to add the resource at [/WEB-INF/classes/src/test/java/testsuite/x/devapi/TableUpdateTest.java] to the cache for web application [/clinica_prosaude] because there was insufficient free space available after evicting expired cache entries - consider increasing the maximum size of the cache
30-Jul-2024 16:39:29.576 WARNING [localhost-startStop-1] org.apache.catalina.webresources.Cache.getResource Unable to add the resource at [/WEB-INF/classes/src/test/java/testsuite/x/devapi/TransactionTest.java] to the cache for web application [/clinica_prosaude] because there was insufficient free space available after evicting expired cache entries - consider increasing the maximum size of the cache
30-Jul-2024 16:39:29.582 WARNING [localhost-startStop-1] org.apache.catalina.webresources.Cache.getResource Unable to add the resource at [/WEB-INF/classes/src/test/java/testsuite/x/internal/InternalXBaseTestCase.java] to the cache for web application [/clinica_prosaude] because there was insufficient free space available after evicting expired cache entries - consider increasing the maximum size of the cache
30-Jul-2024 16:39:29.583 WARNING [localhost-startStop-1] org.apache.catalina.webresources.Cache.getResource Unable to add the resource at [/WEB-INF/classes/src/test/java/testsuite/x/internal/MysqlxSessionTest.java] to the cache for web application [/clinica_prosaude] because there was insufficient free space available after evicting expired cache entries - consider increasing the maximum size of the cache
30-Jul-2024 16:39:29.585 WARNING [localhost-startStop-1] org.apache.catalina.webresources.Cache.getResource Unable to add the resource at [/WEB-INF/classes/src/test/java/testsuite/x/internal/package-info.java] to the cache for web application [/clinica_prosaude] because there was insufficient free space available after evicting expired cache entries - consider increasing the maximum size of the cache
30-Jul-2024 16:39:29.586 WARNING [localhost-startStop-1] org.apache.catalina.webresources.Cache.getResource Unable to add the resource at [/WEB-INF/classes/src/test/java/testsuite/x/internal/XProtocolAsyncTest.java] to the cache for web application [/clinica_prosaude] because there was insufficient free space available after evicting expired cache entries - consider increasing the maximum size of the cache
30-Jul-2024 16:39:29.616 WARNING [localhost-startStop-1] org.apache.catalina.webresources.Cache.getResource Unable to add the resource at [/WEB-INF/classes/src/test/java/testsuite/x/internal/XProtocolAuthTest.java] to the cache for web application [/clinica_prosaude] because there was insufficient free space available after evicting expired cache entries - consider increasing the maximum size of the cache
30-Jul-2024 16:39:29.617 WARNING [localhost-startStop-1] org.apache.catalina.webresources.Cache.getResource Unable to add the resource at [/WEB-INF/classes/src/test/java/testsuite/x/internal/XProtocolTest.java] to the cache for web application [/clinica_prosaude] because there was insufficient free space available after evicting expired cache entries - consider increasing the maximum size of the cache
30-Jul-2024 16:39:29.646 WARNING [localhost-startStop-1] org.apache.catalina.webresources.Cache.getResource Unable to add the resource at [/] to the cache for web application [/clinica_prosaude] because there was insufficient free space available after evicting expired cache entries - consider increasing the maximum size of the cache
30-Jul-2024 16:39:29.647 INFO [localhost-startStop-1] org.apache.catalina.startup.HostConfig.deployDescriptor Deployment of deployment descriptor [C:\Users\user\Desktop\Estudos\DWEB\apache-tomcat-8.5.99\conf\Catalina\localhost\clinica_prosaude.xml] has finished in [1,621] ms
30-Jul-2024 16:39:29.648 INFO [localhost-startStop-1] org.apache.catalina.startup.HostConfig.deployDirectory Deploying web application directory [C:\Users\user\Desktop\Estudos\DWEB\apache-tomcat-8.5.99\webapps\docs]
30-Jul-2024 16:39:29.708 INFO [localhost-startStop-1] org.apache.catalina.startup.HostConfig.deployDirectory Deployment of web application directory [C:\Users\user\Desktop\Estudos\DWEB\apache-tomcat-8.5.99\webapps\docs] has finished in [60] ms
30-Jul-2024 16:39:29.708 INFO [localhost-startStop-1] org.apache.catalina.startup.HostConfig.deployDirectory Deploying web application directory [C:\Users\user\Desktop\Estudos\DWEB\apache-tomcat-8.5.99\webapps\examples]
30-Jul-2024 16:39:30.521 INFO [localhost-startStop-1] org.apache.catalina.startup.HostConfig.deployDirectory Deployment of web application directory [C:\Users\user\Desktop\Estudos\DWEB\apache-tomcat-8.5.99\webapps\examples] has finished in [813] ms
30-Jul-2024 16:39:30.522 INFO [localhost-startStop-1] org.apache.catalina.startup.HostConfig.deployDirectory Deploying web application directory [C:\Users\user\Desktop\Estudos\DWEB\apache-tomcat-8.5.99\webapps\host-manager]
30-Jul-2024 16:39:30.608 INFO [localhost-startStop-1] org.apache.catalina.startup.HostConfig.deployDirectory Deployment of web application directory [C:\Users\user\Desktop\Estudos\DWEB\apache-tomcat-8.5.99\webapps\host-manager] has finished in [86] ms
30-Jul-2024 16:39:30.610 INFO [localhost-startStop-1] org.apache.catalina.startup.HostConfig.deployDirectory Deploying web application directory [C:\Users\user\Desktop\Estudos\DWEB\apache-tomcat-8.5.99\webapps\manager]
30-Jul-2024 16:39:30.694 INFO [localhost-startStop-1] org.apache.catalina.startup.HostConfig.deployDirectory Deployment of web application directory [C:\Users\user\Desktop\Estudos\DWEB\apache-tomcat-8.5.99\webapps\manager] has finished in [84] ms
30-Jul-2024 16:39:30.695 INFO [localhost-startStop-1] org.apache.catalina.startup.HostConfig.deployDirectory Deploying web application directory [C:\Users\user\Desktop\Estudos\DWEB\apache-tomcat-8.5.99\webapps\programas]
30-Jul-2024 16:39:30.767 INFO [localhost-startStop-1] org.apache.catalina.startup.HostConfig.deployDirectory Deployment of web application directory [C:\Users\user\Desktop\Estudos\DWEB\apache-tomcat-8.5.99\webapps\programas] has finished in [73] ms
30-Jul-2024 16:39:30.767 INFO [localhost-startStop-1] org.apache.catalina.startup.HostConfig.deployDirectory Deploying web application directory [C:\Users\user\Desktop\Estudos\DWEB\apache-tomcat-8.5.99\webapps\ROOT]
30-Jul-2024 16:39:30.823 INFO [localhost-startStop-1] org.apache.catalina.startup.HostConfig.deployDirectory Deployment of web application directory [C:\Users\user\Desktop\Estudos\DWEB\apache-tomcat-8.5.99\webapps\ROOT] has finished in [56] ms
30-Jul-2024 16:39:30.827 INFO [main] org.apache.coyote.AbstractProtocol.start Starting ProtocolHandler ["http-nio-8080"]
30-Jul-2024 16:39:30.879 INFO [main] org.apache.catalina.startup.Catalina.start Server startup in 4981 ms
30-Jul-2024 16:39:42.169 INFO [http-nio-8080-exec-9] org.apache.catalina.startup.HostConfig.undeploy Undeploying context [/clinica_prosaude]
30-Jul-2024 16:39:42.216 INFO [http-nio-8080-exec-2] org.apache.catalina.startup.HostConfig.deployDescriptor Deploying deployment descriptor [C:\Users\user\Desktop\Estudos\DWEB\apache-tomcat-8.5.99\conf\Catalina\localhost\clinica_prosaude.xml]
30-Jul-2024 16:39:42.216 WARNING [http-nio-8080-exec-2] org.apache.catalina.startup.HostConfig.deployDescriptor The path attribute with value [/clinica_prosaude] in deployment descriptor [C:\Users\user\Desktop\Estudos\DWEB\apache-tomcat-8.5.99\conf\Catalina\localhost\clinica_prosaude.xml] has been ignored
30-Jul-2024 16:39:42.846 INFO [http-nio-8080-exec-2] org.apache.jasper.servlet.TldScanner.scanJars At least one JAR was scanned for TLDs yet contained no TLDs. Enable debug logging for this logger for a complete list of JARs that were scanned but no TLDs were found in them. Skipping unneeded JARs during scanning can improve startup time and JSP compilation time.
30-Jul-2024 16:39:42.846 INFO [http-nio-8080-exec-2] org.apache.catalina.startup.HostConfig.deployDescriptor Deployment of deployment descriptor [C:\Users\user\Desktop\Estudos\DWEB\apache-tomcat-8.5.99\conf\Catalina\localhost\clinica_prosaude.xml] has finished in [630] ms
30-Jul-2024 16:39:42.862 INFO [http-nio-8080-exec-6] org.apache.catalina.util.LifecycleBase.start The start() method was called on component [StandardEngine[Catalina].StandardHost[localhost].StandardContext[/clinica_prosaude]] after start() had already been called. The second call will be ignored.
30-Jul-2024 16:57:05.468 WARNING [http-nio-8080-exec-16] org.apache.catalina.loader.WebappClassLoaderBase.clearReferencesJdbc The web application [clinica_prosaude] registered the JDBC driver [com.mysql.cj.jdbc.Driver] but failed to unregister it when the web application was stopped. To prevent a memory leak, the JDBC Driver has been forcibly unregistered.
30-Jul-2024 16:57:05.468 WARNING [http-nio-8080-exec-16] org.apache.catalina.loader.WebappClassLoaderBase.clearReferencesThreads The web application [clinica_prosaude] appears to have started a thread named [mysql-cj-abandoned-connection-cleanup] but has failed to stop it. This is very likely to create a memory leak. Stack trace of thread:
 java.base/jdk.internal.misc.Unsafe.park(Native Method)
 java.base/java.util.concurrent.locks.LockSupport.parkNanos(LockSupport.java:269)
 java.base/java.util.concurrent.locks.AbstractQueuedSynchronizer$ConditionObject.await(AbstractQueuedSynchronizer.java:1847)
 java.base/java.lang.ref.ReferenceQueue.await(ReferenceQueue.java:71)
 java.base/java.lang.ref.ReferenceQueue.remove0(ReferenceQueue.java:143)
 java.base/java.lang.ref.ReferenceQueue.remove(ReferenceQueue.java:218)
 com.mysql.cj.jdbc.AbandonedConnectionCleanupThread.run(AbandonedConnectionCleanupThread.java:84)
 java.base/java.util.concurrent.ThreadPoolExecutor.runWorker(ThreadPoolExecutor.java:1144)
 java.base/java.util.concurrent.ThreadPoolExecutor$Worker.run(ThreadPoolExecutor.java:642)
 java.base/java.lang.Thread.run(Thread.java:1570)
30-Jul-2024 16:57:05.979 INFO [http-nio-8080-exec-16] org.apache.catalina.startup.HostConfig.undeploy Undeploying context [/clinica_prosaude]
30-Jul-2024 16:57:05.998 INFO [http-nio-8080-exec-14] org.apache.catalina.startup.HostConfig.deployDescriptor Deploying deployment descriptor [C:\Users\user\Desktop\Estudos\DWEB\apache-tomcat-8.5.99\conf\Catalina\localhost\clinica_prosaude.xml]
30-Jul-2024 16:57:05.998 WARNING [http-nio-8080-exec-14] org.apache.catalina.startup.HostConfig.deployDescriptor The path attribute with value [/clinica_prosaude] in deployment descriptor [C:\Users\user\Desktop\Estudos\DWEB\apache-tomcat-8.5.99\conf\Catalina\localhost\clinica_prosaude.xml] has been ignored
30-Jul-2024 16:57:06.659 INFO [mysql-cj-abandoned-connection-cleanup] org.apache.catalina.loader.WebappClassLoaderBase.checkStateForResourceLoading Illegal access: this web application instance has been stopped already. Could not load []. The following stack trace is thrown for debugging purposes as well as to attempt to terminate the thread which caused the illegal access.
	java.lang.IllegalStateException: Illegal access: this web application instance has been stopped already. Could not load []. The following stack trace is thrown for debugging purposes as well as to attempt to terminate the thread which caused the illegal access.
		at org.apache.catalina.loader.WebappClassLoaderBase.checkStateForResourceLoading(WebappClassLoaderBase.java:1358)
		at org.apache.catalina.loader.WebappClassLoaderBase.getResource(WebappClassLoaderBase.java:990)
		at com.mysql.cj.jdbc.AbandonedConnectionCleanupThread.checkThreadContextClassLoader(AbandonedConnectionCleanupThread.java:116)
		at com.mysql.cj.jdbc.AbandonedConnectionCleanupThread.run(AbandonedConnectionCleanupThread.java:83)
		at java.base/java.util.concurrent.ThreadPoolExecutor.runWorker(ThreadPoolExecutor.java:1144)
		at java.base/java.util.concurrent.ThreadPoolExecutor$Worker.run(ThreadPoolExecutor.java:642)
		at java.base/java.lang.Thread.run(Thread.java:1570)
30-Jul-2024 16:57:06.661 INFO [mysql-cj-abandoned-connection-cleanup] org.apache.catalina.loader.WebappClassLoaderBase.checkStateForResourceLoading Illegal access: this web application instance has been stopped already. Could not load []. The following stack trace is thrown for debugging purposes as well as to attempt to terminate the thread which caused the illegal access.
	java.lang.IllegalStateException: Illegal access: this web application instance has been stopped already. Could not load []. The following stack trace is thrown for debugging purposes as well as to attempt to terminate the thread which caused the illegal access.
		at org.apache.catalina.loader.WebappClassLoaderBase.checkStateForResourceLoading(WebappClassLoaderBase.java:1358)
		at org.apache.catalina.loader.WebappClassLoaderBase.getResource(WebappClassLoaderBase.java:990)
		at com.mysql.cj.jdbc.AbandonedConnectionCleanupThread.checkThreadContextClassLoader(AbandonedConnectionCleanupThread.java:116)
		at com.mysql.cj.jdbc.AbandonedConnectionCleanupThread.run(AbandonedConnectionCleanupThread.java:83)
		at java.base/java.util.concurrent.ThreadPoolExecutor.runWorker(ThreadPoolExecutor.java:1144)
		at java.base/java.util.concurrent.ThreadPoolExecutor$Worker.run(ThreadPoolExecutor.java:642)
		at java.base/java.lang.Thread.run(Thread.java:1570)
30-Jul-2024 16:57:06.701 INFO [http-nio-8080-exec-14] org.apache.jasper.servlet.TldScanner.scanJars At least one JAR was scanned for TLDs yet contained no TLDs. Enable debug logging for this logger for a complete list of JARs that were scanned but no TLDs were found in them. Skipping unneeded JARs during scanning can improve startup time and JSP compilation time.
30-Jul-2024 16:57:06.704 INFO [http-nio-8080-exec-14] org.apache.catalina.startup.HostConfig.deployDescriptor Deployment of deployment descriptor [C:\Users\user\Desktop\Estudos\DWEB\apache-tomcat-8.5.99\conf\Catalina\localhost\clinica_prosaude.xml] has finished in [706] ms
30-Jul-2024 16:57:06.708 INFO [http-nio-8080-exec-15] org.apache.catalina.util.LifecycleBase.start The start() method was called on component [StandardEngine[Catalina].StandardHost[localhost].StandardContext[/clinica_prosaude]] after start() had already been called. The second call will be ignored.
30-Jul-2024 19:23:43.832 WARNING [http-nio-8080-exec-26] org.apache.catalina.loader.WebappClassLoaderBase.clearReferencesJdbc The web application [clinica_prosaude] registered the JDBC driver [com.mysql.cj.jdbc.Driver] but failed to unregister it when the web application was stopped. To prevent a memory leak, the JDBC Driver has been forcibly unregistered.
30-Jul-2024 19:23:43.833 WARNING [http-nio-8080-exec-26] org.apache.catalina.loader.WebappClassLoaderBase.clearReferencesThreads The web application [clinica_prosaude] appears to have started a thread named [mysql-cj-abandoned-connection-cleanup] but has failed to stop it. This is very likely to create a memory leak. Stack trace of thread:
 java.base/jdk.internal.misc.Unsafe.park(Native Method)
 java.base/java.util.concurrent.locks.LockSupport.parkNanos(LockSupport.java:269)
 java.base/java.util.concurrent.locks.AbstractQueuedSynchronizer$ConditionObject.await(AbstractQueuedSynchronizer.java:1847)
 java.base/java.lang.ref.ReferenceQueue.await(ReferenceQueue.java:71)
 java.base/java.lang.ref.ReferenceQueue.remove0(ReferenceQueue.java:143)
 java.base/java.lang.ref.ReferenceQueue.remove(ReferenceQueue.java:218)
 com.mysql.cj.jdbc.AbandonedConnectionCleanupThread.run(AbandonedConnectionCleanupThread.java:84)
 java.base/java.util.concurrent.ThreadPoolExecutor.runWorker(ThreadPoolExecutor.java:1144)
 java.base/java.util.concurrent.ThreadPoolExecutor$Worker.run(ThreadPoolExecutor.java:642)
 java.base/java.lang.Thread.run(Thread.java:1570)
30-Jul-2024 19:23:44.343 INFO [http-nio-8080-exec-26] org.apache.catalina.startup.HostConfig.undeploy Undeploying context [/clinica_prosaude]
30-Jul-2024 19:23:44.436 INFO [http-nio-8080-exec-24] org.apache.catalina.startup.HostConfig.deployDescriptor Deploying deployment descriptor [C:\Users\user\Desktop\Estudos\DWEB\apache-tomcat-8.5.99\conf\Catalina\localhost\clinica_prosaude.xml]
30-Jul-2024 19:23:44.442 WARNING [http-nio-8080-exec-24] org.apache.catalina.startup.HostConfig.deployDescriptor The path attribute with value [/clinica_prosaude] in deployment descriptor [C:\Users\user\Desktop\Estudos\DWEB\apache-tomcat-8.5.99\conf\Catalina\localhost\clinica_prosaude.xml] has been ignored
30-Jul-2024 19:23:45.178 INFO [http-nio-8080-exec-24] org.apache.jasper.servlet.TldScanner.scanJars At least one JAR was scanned for TLDs yet contained no TLDs. Enable debug logging for this logger for a complete list of JARs that were scanned but no TLDs were found in them. Skipping unneeded JARs during scanning can improve startup time and JSP compilation time.
30-Jul-2024 19:23:45.182 INFO [http-nio-8080-exec-24] org.apache.catalina.startup.HostConfig.deployDescriptor Deployment of deployment descriptor [C:\Users\user\Desktop\Estudos\DWEB\apache-tomcat-8.5.99\conf\Catalina\localhost\clinica_prosaude.xml] has finished in [745] ms
30-Jul-2024 19:23:45.185 INFO [http-nio-8080-exec-21] org.apache.catalina.util.LifecycleBase.start The start() method was called on component [StandardEngine[Catalina].StandardHost[localhost].StandardContext[/clinica_prosaude]] after start() had already been called. The second call will be ignored.
30-Jul-2024 19:23:46.757 INFO [mysql-cj-abandoned-connection-cleanup] org.apache.catalina.loader.WebappClassLoaderBase.checkStateForResourceLoading Illegal access: this web application instance has been stopped already. Could not load []. The following stack trace is thrown for debugging purposes as well as to attempt to terminate the thread which caused the illegal access.
	java.lang.IllegalStateException: Illegal access: this web application instance has been stopped already. Could not load []. The following stack trace is thrown for debugging purposes as well as to attempt to terminate the thread which caused the illegal access.
		at org.apache.catalina.loader.WebappClassLoaderBase.checkStateForResourceLoading(WebappClassLoaderBase.java:1358)
		at org.apache.catalina.loader.WebappClassLoaderBase.getResource(WebappClassLoaderBase.java:990)
		at com.mysql.cj.jdbc.AbandonedConnectionCleanupThread.checkThreadContextClassLoader(AbandonedConnectionCleanupThread.java:116)
		at com.mysql.cj.jdbc.AbandonedConnectionCleanupThread.run(AbandonedConnectionCleanupThread.java:83)
		at java.base/java.util.concurrent.ThreadPoolExecutor.runWorker(ThreadPoolExecutor.java:1144)
		at java.base/java.util.concurrent.ThreadPoolExecutor$Worker.run(ThreadPoolExecutor.java:642)
		at java.base/java.lang.Thread.run(Thread.java:1570)
30-Jul-2024 19:30:30.484 INFO [http-nio-8080-exec-31] org.apache.catalina.core.StandardContext.reload Reloading Context with name [/clinica_prosaude] has started
30-Jul-2024 19:30:30.488 WARNING [http-nio-8080-exec-31] org.apache.catalina.loader.WebappClassLoaderBase.clearReferencesJdbc The web application [clinica_prosaude] registered the JDBC driver [com.mysql.cj.jdbc.Driver] but failed to unregister it when the web application was stopped. To prevent a memory leak, the JDBC Driver has been forcibly unregistered.
30-Jul-2024 19:30:30.489 WARNING [http-nio-8080-exec-31] org.apache.catalina.loader.WebappClassLoaderBase.clearReferencesThreads The web application [clinica_prosaude] appears to have started a thread named [mysql-cj-abandoned-connection-cleanup] but has failed to stop it. This is very likely to create a memory leak. Stack trace of thread:
 java.base/jdk.internal.misc.Unsafe.park(Native Method)
 java.base/java.util.concurrent.locks.LockSupport.parkNanos(LockSupport.java:269)
 java.base/java.util.concurrent.locks.AbstractQueuedSynchronizer$ConditionObject.await(AbstractQueuedSynchronizer.java:1847)
 java.base/java.lang.ref.ReferenceQueue.await(ReferenceQueue.java:71)
 java.base/java.lang.ref.ReferenceQueue.remove0(ReferenceQueue.java:143)
 java.base/java.lang.ref.ReferenceQueue.remove(ReferenceQueue.java:218)
 com.mysql.cj.jdbc.AbandonedConnectionCleanupThread.run(AbandonedConnectionCleanupThread.java:84)
 java.base/java.util.concurrent.ThreadPoolExecutor.runWorker(ThreadPoolExecutor.java:1144)
 java.base/java.util.concurrent.ThreadPoolExecutor$Worker.run(ThreadPoolExecutor.java:642)
 java.base/java.lang.Thread.run(Thread.java:1570)
30-Jul-2024 19:30:31.376 INFO [mysql-cj-abandoned-connection-cleanup] org.apache.catalina.loader.WebappClassLoaderBase.checkStateForResourceLoading Illegal access: this web application instance has been stopped already. Could not load []. The following stack trace is thrown for debugging purposes as well as to attempt to terminate the thread which caused the illegal access.
	java.lang.IllegalStateException: Illegal access: this web application instance has been stopped already. Could not load []. The following stack trace is thrown for debugging purposes as well as to attempt to terminate the thread which caused the illegal access.
		at org.apache.catalina.loader.WebappClassLoaderBase.checkStateForResourceLoading(WebappClassLoaderBase.java:1358)
		at org.apache.catalina.loader.WebappClassLoaderBase.getResource(WebappClassLoaderBase.java:990)
		at com.mysql.cj.jdbc.AbandonedConnectionCleanupThread.checkThreadContextClassLoader(AbandonedConnectionCleanupThread.java:116)
		at com.mysql.cj.jdbc.AbandonedConnectionCleanupThread.run(AbandonedConnectionCleanupThread.java:83)
		at java.base/java.util.concurrent.ThreadPoolExecutor.runWorker(ThreadPoolExecutor.java:1144)
		at java.base/java.util.concurrent.ThreadPoolExecutor$Worker.run(ThreadPoolExecutor.java:642)
		at java.base/java.lang.Thread.run(Thread.java:1570)
30-Jul-2024 19:30:33.082 INFO [http-nio-8080-exec-31] org.apache.jasper.servlet.TldScanner.scanJars At least one JAR was scanned for TLDs yet contained no TLDs. Enable debug logging for this logger for a complete list of JARs that were scanned but no TLDs were found in them. Skipping unneeded JARs during scanning can improve startup time and JSP compilation time.
30-Jul-2024 19:30:33.094 INFO [http-nio-8080-exec-31] org.apache.catalina.core.StandardContext.reload Reloading Context with name [/clinica_prosaude] is completed
30-Jul-2024 19:30:33.680 INFO [http-nio-8080-exec-31] org.apache.catalina.startup.HostConfig.undeploy Undeploying context [/clinica_prosaude]
30-Jul-2024 19:30:33.718 INFO [http-nio-8080-exec-35] org.apache.catalina.startup.HostConfig.deployDescriptor Deploying deployment descriptor [C:\Users\user\Desktop\Estudos\DWEB\apache-tomcat-8.5.99\conf\Catalina\localhost\clinica_prosaude.xml]
30-Jul-2024 19:30:33.720 WARNING [http-nio-8080-exec-35] org.apache.catalina.startup.HostConfig.deployDescriptor The path attribute with value [/clinica_prosaude] in deployment descriptor [C:\Users\user\Desktop\Estudos\DWEB\apache-tomcat-8.5.99\conf\Catalina\localhost\clinica_prosaude.xml] has been ignored
30-Jul-2024 19:30:34.508 INFO [http-nio-8080-exec-35] org.apache.jasper.servlet.TldScanner.scanJars At least one JAR was scanned for TLDs yet contained no TLDs. Enable debug logging for this logger for a complete list of JARs that were scanned but no TLDs were found in them. Skipping unneeded JARs during scanning can improve startup time and JSP compilation time.
30-Jul-2024 19:30:34.512 INFO [http-nio-8080-exec-35] org.apache.catalina.startup.HostConfig.deployDescriptor Deployment of deployment descriptor [C:\Users\user\Desktop\Estudos\DWEB\apache-tomcat-8.5.99\conf\Catalina\localhost\clinica_prosaude.xml] has finished in [795] ms
30-Jul-2024 19:30:34.516 INFO [http-nio-8080-exec-39] org.apache.catalina.util.LifecycleBase.start The start() method was called on component [StandardEngine[Catalina].StandardHost[localhost].StandardContext[/clinica_prosaude]] after start() had already been called. The second call will be ignored.
30-Jul-2024 20:15:46.152 INFO [http-nio-8080-exec-48] org.apache.catalina.core.StandardContext.reload Reloading Context with name [/clinica_prosaude] has started
30-Jul-2024 20:15:46.162 WARNING [http-nio-8080-exec-48] org.apache.catalina.loader.WebappClassLoaderBase.clearReferencesJdbc The web application [clinica_prosaude] registered the JDBC driver [com.mysql.cj.jdbc.Driver] but failed to unregister it when the web application was stopped. To prevent a memory leak, the JDBC Driver has been forcibly unregistered.
30-Jul-2024 20:15:46.162 WARNING [http-nio-8080-exec-48] org.apache.catalina.loader.WebappClassLoaderBase.clearReferencesThreads The web application [clinica_prosaude] appears to have started a thread named [mysql-cj-abandoned-connection-cleanup] but has failed to stop it. This is very likely to create a memory leak. Stack trace of thread:
 java.base/jdk.internal.misc.Unsafe.park(Native Method)
 java.base/java.util.concurrent.locks.LockSupport.parkNanos(LockSupport.java:269)
 java.base/java.util.concurrent.locks.AbstractQueuedSynchronizer$ConditionObject.await(AbstractQueuedSynchronizer.java:1847)
 java.base/java.lang.ref.ReferenceQueue.await(ReferenceQueue.java:71)
 java.base/java.lang.ref.ReferenceQueue.remove0(ReferenceQueue.java:143)
 java.base/java.lang.ref.ReferenceQueue.remove(ReferenceQueue.java:218)
 com.mysql.cj.jdbc.AbandonedConnectionCleanupThread.run(AbandonedConnectionCleanupThread.java:84)
 java.base/java.util.concurrent.ThreadPoolExecutor.runWorker(ThreadPoolExecutor.java:1144)
 java.base/java.util.concurrent.ThreadPoolExecutor$Worker.run(ThreadPoolExecutor.java:642)
 java.base/java.lang.Thread.run(Thread.java:1570)
30-Jul-2024 20:15:47.855 INFO [http-nio-8080-exec-48] org.apache.jasper.servlet.TldScanner.scanJars At least one JAR was scanned for TLDs yet contained no TLDs. Enable debug logging for this logger for a complete list of JARs that were scanned but no TLDs were found in them. Skipping unneeded JARs during scanning can improve startup time and JSP compilation time.
30-Jul-2024 20:15:47.859 INFO [http-nio-8080-exec-48] org.apache.catalina.core.StandardContext.reload Reloading Context with name [/clinica_prosaude] is completed
30-Jul-2024 20:15:50.180 INFO [mysql-cj-abandoned-connection-cleanup] org.apache.catalina.loader.WebappClassLoaderBase.checkStateForResourceLoading Illegal access: this web application instance has been stopped already. Could not load []. The following stack trace is thrown for debugging purposes as well as to attempt to terminate the thread which caused the illegal access.
	java.lang.IllegalStateException: Illegal access: this web application instance has been stopped already. Could not load []. The following stack trace is thrown for debugging purposes as well as to attempt to terminate the thread which caused the illegal access.
		at org.apache.catalina.loader.WebappClassLoaderBase.checkStateForResourceLoading(WebappClassLoaderBase.java:1358)
		at org.apache.catalina.loader.WebappClassLoaderBase.getResource(WebappClassLoaderBase.java:990)
		at com.mysql.cj.jdbc.AbandonedConnectionCleanupThread.checkThreadContextClassLoader(AbandonedConnectionCleanupThread.java:116)
		at com.mysql.cj.jdbc.AbandonedConnectionCleanupThread.run(AbandonedConnectionCleanupThread.java:83)
		at java.base/java.util.concurrent.ThreadPoolExecutor.runWorker(ThreadPoolExecutor.java:1144)
		at java.base/java.util.concurrent.ThreadPoolExecutor$Worker.run(ThreadPoolExecutor.java:642)
		at java.base/java.lang.Thread.run(Thread.java:1570)
30-Jul-2024 20:16:19.904 INFO [http-nio-8080-exec-50] org.apache.catalina.startup.HostConfig.undeploy Undeploying context [/clinica_prosaude]
30-Jul-2024 20:16:19.993 INFO [http-nio-8080-exec-54] org.apache.catalina.startup.HostConfig.deployDescriptor Deploying deployment descriptor [C:\Users\user\Desktop\Estudos\DWEB\apache-tomcat-8.5.99\conf\Catalina\localhost\clinica_prosaude.xml]
30-Jul-2024 20:16:19.998 WARNING [http-nio-8080-exec-54] org.apache.catalina.startup.HostConfig.deployDescriptor The path attribute with value [/clinica_prosaude] in deployment descriptor [C:\Users\user\Desktop\Estudos\DWEB\apache-tomcat-8.5.99\conf\Catalina\localhost\clinica_prosaude.xml] has been ignored
30-Jul-2024 20:16:20.535 INFO [http-nio-8080-exec-54] org.apache.jasper.servlet.TldScanner.scanJars At least one JAR was scanned for TLDs yet contained no TLDs. Enable debug logging for this logger for a complete list of JARs that were scanned but no TLDs were found in them. Skipping unneeded JARs during scanning can improve startup time and JSP compilation time.
30-Jul-2024 20:16:20.539 INFO [http-nio-8080-exec-54] org.apache.catalina.startup.HostConfig.deployDescriptor Deployment of deployment descriptor [C:\Users\user\Desktop\Estudos\DWEB\apache-tomcat-8.5.99\conf\Catalina\localhost\clinica_prosaude.xml] has finished in [546] ms
30-Jul-2024 20:16:20.543 INFO [http-nio-8080-exec-44] org.apache.catalina.util.LifecycleBase.start The start() method was called on component [StandardEngine[Catalina].StandardHost[localhost].StandardContext[/clinica_prosaude]] after start() had already been called. The second call will be ignored.
30-Jul-2024 20:16:57.850 INFO [http-nio-8080-exec-58] org.apache.catalina.startup.HostConfig.undeploy Undeploying context [/clinica_prosaude]
30-Jul-2024 20:16:57.899 INFO [http-nio-8080-exec-50] org.apache.catalina.startup.HostConfig.deployDescriptor Deploying deployment descriptor [C:\Users\user\Desktop\Estudos\DWEB\apache-tomcat-8.5.99\conf\Catalina\localhost\clinica_prosaude.xml]
30-Jul-2024 20:16:57.908 WARNING [http-nio-8080-exec-50] org.apache.catalina.startup.HostConfig.deployDescriptor The path attribute with value [/clinica_prosaude] in deployment descriptor [C:\Users\user\Desktop\Estudos\DWEB\apache-tomcat-8.5.99\conf\Catalina\localhost\clinica_prosaude.xml] has been ignored
30-Jul-2024 20:16:58.470 INFO [http-nio-8080-exec-50] org.apache.jasper.servlet.TldScanner.scanJars At least one JAR was scanned for TLDs yet contained no TLDs. Enable debug logging for this logger for a complete list of JARs that were scanned but no TLDs were found in them. Skipping unneeded JARs during scanning can improve startup time and JSP compilation time.
30-Jul-2024 20:16:58.476 INFO [http-nio-8080-exec-50] org.apache.catalina.startup.HostConfig.deployDescriptor Deployment of deployment descriptor [C:\Users\user\Desktop\Estudos\DWEB\apache-tomcat-8.5.99\conf\Catalina\localhost\clinica_prosaude.xml] has finished in [577] ms
30-Jul-2024 20:16:58.482 INFO [http-nio-8080-exec-64] org.apache.catalina.util.LifecycleBase.start The start() method was called on component [StandardEngine[Catalina].StandardHost[localhost].StandardContext[/clinica_prosaude]] after start() had already been called. The second call will be ignored.
30-Jul-2024 20:18:16.264 INFO [http-nio-8080-exec-58] org.apache.catalina.startup.HostConfig.undeploy Undeploying context [/clinica_prosaude]
30-Jul-2024 20:18:16.319 INFO [http-nio-8080-exec-69] org.apache.catalina.startup.HostConfig.deployDescriptor Deploying deployment descriptor [C:\Users\user\Desktop\Estudos\DWEB\apache-tomcat-8.5.99\conf\Catalina\localhost\clinica_prosaude.xml]
30-Jul-2024 20:18:16.324 WARNING [http-nio-8080-exec-69] org.apache.catalina.startup.HostConfig.deployDescriptor The path attribute with value [/clinica_prosaude] in deployment descriptor [C:\Users\user\Desktop\Estudos\DWEB\apache-tomcat-8.5.99\conf\Catalina\localhost\clinica_prosaude.xml] has been ignored
30-Jul-2024 20:18:16.930 INFO [http-nio-8080-exec-69] org.apache.jasper.servlet.TldScanner.scanJars At least one JAR was scanned for TLDs yet contained no TLDs. Enable debug logging for this logger for a complete list of JARs that were scanned but no TLDs were found in them. Skipping unneeded JARs during scanning can improve startup time and JSP compilation time.
30-Jul-2024 20:18:16.934 INFO [http-nio-8080-exec-69] org.apache.catalina.startup.HostConfig.deployDescriptor Deployment of deployment descriptor [C:\Users\user\Desktop\Estudos\DWEB\apache-tomcat-8.5.99\conf\Catalina\localhost\clinica_prosaude.xml] has finished in [615] ms
30-Jul-2024 20:18:16.937 INFO [http-nio-8080-exec-73] org.apache.catalina.util.LifecycleBase.start The start() method was called on component [StandardEngine[Catalina].StandardHost[localhost].StandardContext[/clinica_prosaude]] after start() had already been called. The second call will be ignored.
30-Jul-2024 20:19:14.209 INFO [http-nio-8080-exec-69] org.apache.catalina.startup.HostConfig.undeploy Undeploying context [/clinica_prosaude]
30-Jul-2024 20:19:14.231 INFO [http-nio-8080-exec-76] org.apache.catalina.startup.HostConfig.deployDescriptor Deploying deployment descriptor [C:\Users\user\Desktop\Estudos\DWEB\apache-tomcat-8.5.99\conf\Catalina\localhost\clinica_prosaude.xml]
30-Jul-2024 20:19:14.233 WARNING [http-nio-8080-exec-76] org.apache.catalina.startup.HostConfig.deployDescriptor The path attribute with value [/clinica_prosaude] in deployment descriptor [C:\Users\user\Desktop\Estudos\DWEB\apache-tomcat-8.5.99\conf\Catalina\localhost\clinica_prosaude.xml] has been ignored
30-Jul-2024 20:19:14.822 INFO [http-nio-8080-exec-76] org.apache.jasper.servlet.TldScanner.scanJars At least one JAR was scanned for TLDs yet contained no TLDs. Enable debug logging for this logger for a complete list of JARs that were scanned but no TLDs were found in them. Skipping unneeded JARs during scanning can improve startup time and JSP compilation time.
30-Jul-2024 20:19:14.827 INFO [http-nio-8080-exec-76] org.apache.catalina.startup.HostConfig.deployDescriptor Deployment of deployment descriptor [C:\Users\user\Desktop\Estudos\DWEB\apache-tomcat-8.5.99\conf\Catalina\localhost\clinica_prosaude.xml] has finished in [596] ms
30-Jul-2024 20:19:14.830 INFO [http-nio-8080-exec-73] org.apache.catalina.util.LifecycleBase.start The start() method was called on component [StandardEngine[Catalina].StandardHost[localhost].StandardContext[/clinica_prosaude]] after start() had already been called. The second call will be ignored.
30-Jul-2024 20:19:39.491 INFO [http-nio-8080-exec-82] org.apache.catalina.startup.HostConfig.undeploy Undeploying context [/clinica_prosaude]
30-Jul-2024 20:19:39.534 INFO [http-nio-8080-exec-73] org.apache.catalina.startup.HostConfig.deployDescriptor Deploying deployment descriptor [C:\Users\user\Desktop\Estudos\DWEB\apache-tomcat-8.5.99\conf\Catalina\localhost\clinica_prosaude.xml]
30-Jul-2024 20:19:39.551 WARNING [http-nio-8080-exec-73] org.apache.catalina.startup.HostConfig.deployDescriptor The path attribute with value [/clinica_prosaude] in deployment descriptor [C:\Users\user\Desktop\Estudos\DWEB\apache-tomcat-8.5.99\conf\Catalina\localhost\clinica_prosaude.xml] has been ignored
30-Jul-2024 20:19:40.261 INFO [http-nio-8080-exec-73] org.apache.jasper.servlet.TldScanner.scanJars At least one JAR was scanned for TLDs yet contained no TLDs. Enable debug logging for this logger for a complete list of JARs that were scanned but no TLDs were found in them. Skipping unneeded JARs during scanning can improve startup time and JSP compilation time.
30-Jul-2024 20:19:40.263 INFO [http-nio-8080-exec-73] org.apache.catalina.startup.HostConfig.deployDescriptor Deployment of deployment descriptor [C:\Users\user\Desktop\Estudos\DWEB\apache-tomcat-8.5.99\conf\Catalina\localhost\clinica_prosaude.xml] has finished in [729] ms
30-Jul-2024 20:19:40.268 INFO [http-nio-8080-exec-88] org.apache.catalina.util.LifecycleBase.start The start() method was called on component [StandardEngine[Catalina].StandardHost[localhost].StandardContext[/clinica_prosaude]] after start() had already been called. The second call will be ignored.
30-Jul-2024 20:20:59.362 INFO [http-nio-8080-exec-89] org.apache.catalina.startup.HostConfig.undeploy Undeploying context [/clinica_prosaude]
30-Jul-2024 20:20:59.388 INFO [http-nio-8080-exec-97] org.apache.catalina.startup.HostConfig.deployDescriptor Deploying deployment descriptor [C:\Users\user\Desktop\Estudos\DWEB\apache-tomcat-8.5.99\conf\Catalina\localhost\clinica_prosaude.xml]
30-Jul-2024 20:20:59.390 WARNING [http-nio-8080-exec-97] org.apache.catalina.startup.HostConfig.deployDescriptor The path attribute with value [/clinica_prosaude] in deployment descriptor [C:\Users\user\Desktop\Estudos\DWEB\apache-tomcat-8.5.99\conf\Catalina\localhost\clinica_prosaude.xml] has been ignored
30-Jul-2024 20:20:59.923 INFO [http-nio-8080-exec-97] org.apache.jasper.servlet.TldScanner.scanJars At least one JAR was scanned for TLDs yet contained no TLDs. Enable debug logging for this logger for a complete list of JARs that were scanned but no TLDs were found in them. Skipping unneeded JARs during scanning can improve startup time and JSP compilation time.
30-Jul-2024 20:20:59.928 INFO [http-nio-8080-exec-97] org.apache.catalina.startup.HostConfig.deployDescriptor Deployment of deployment descriptor [C:\Users\user\Desktop\Estudos\DWEB\apache-tomcat-8.5.99\conf\Catalina\localhost\clinica_prosaude.xml] has finished in [541] ms
30-Jul-2024 20:20:59.933 INFO [http-nio-8080-exec-92] org.apache.catalina.util.LifecycleBase.start The start() method was called on component [StandardEngine[Catalina].StandardHost[localhost].StandardContext[/clinica_prosaude]] after start() had already been called. The second call will be ignored.
30-Jul-2024 20:21:26.105 INFO [http-nio-8080-exec-92] org.apache.catalina.startup.HostConfig.undeploy Undeploying context [/clinica_prosaude]
30-Jul-2024 20:21:26.181 INFO [http-nio-8080-exec-103] org.apache.catalina.startup.HostConfig.deployDescriptor Deploying deployment descriptor [C:\Users\user\Desktop\Estudos\DWEB\apache-tomcat-8.5.99\conf\Catalina\localhost\clinica_prosaude.xml]
30-Jul-2024 20:21:26.186 WARNING [http-nio-8080-exec-103] org.apache.catalina.startup.HostConfig.deployDescriptor The path attribute with value [/clinica_prosaude] in deployment descriptor [C:\Users\user\Desktop\Estudos\DWEB\apache-tomcat-8.5.99\conf\Catalina\localhost\clinica_prosaude.xml] has been ignored
30-Jul-2024 20:21:26.864 INFO [http-nio-8080-exec-103] org.apache.jasper.servlet.TldScanner.scanJars At least one JAR was scanned for TLDs yet contained no TLDs. Enable debug logging for this logger for a complete list of JARs that were scanned but no TLDs were found in them. Skipping unneeded JARs during scanning can improve startup time and JSP compilation time.
30-Jul-2024 20:21:26.868 INFO [http-nio-8080-exec-103] org.apache.catalina.startup.HostConfig.deployDescriptor Deployment of deployment descriptor [C:\Users\user\Desktop\Estudos\DWEB\apache-tomcat-8.5.99\conf\Catalina\localhost\clinica_prosaude.xml] has finished in [686] ms
30-Jul-2024 20:21:26.870 INFO [http-nio-8080-exec-101] org.apache.catalina.util.LifecycleBase.start The start() method was called on component [StandardEngine[Catalina].StandardHost[localhost].StandardContext[/clinica_prosaude]] after start() had already been called. The second call will be ignored.
30-Jul-2024 20:22:36.883 INFO [http-nio-8080-exec-112] org.apache.catalina.startup.HostConfig.undeploy Undeploying context [/clinica_prosaude]
30-Jul-2024 20:22:36.959 INFO [http-nio-8080-exec-105] org.apache.catalina.startup.HostConfig.deployDescriptor Deploying deployment descriptor [C:\Users\user\Desktop\Estudos\DWEB\apache-tomcat-8.5.99\conf\Catalina\localhost\clinica_prosaude.xml]
30-Jul-2024 20:22:36.964 WARNING [http-nio-8080-exec-105] org.apache.catalina.startup.HostConfig.deployDescriptor The path attribute with value [/clinica_prosaude] in deployment descriptor [C:\Users\user\Desktop\Estudos\DWEB\apache-tomcat-8.5.99\conf\Catalina\localhost\clinica_prosaude.xml] has been ignored
30-Jul-2024 20:22:37.803 INFO [http-nio-8080-exec-105] org.apache.jasper.servlet.TldScanner.scanJars At least one JAR was scanned for TLDs yet contained no TLDs. Enable debug logging for this logger for a complete list of JARs that were scanned but no TLDs were found in them. Skipping unneeded JARs during scanning can improve startup time and JSP compilation time.
30-Jul-2024 20:22:37.807 INFO [http-nio-8080-exec-105] org.apache.catalina.startup.HostConfig.deployDescriptor Deployment of deployment descriptor [C:\Users\user\Desktop\Estudos\DWEB\apache-tomcat-8.5.99\conf\Catalina\localhost\clinica_prosaude.xml] has finished in [847] ms
30-Jul-2024 20:22:37.811 INFO [http-nio-8080-exec-113] org.apache.catalina.util.LifecycleBase.start The start() method was called on component [StandardEngine[Catalina].StandardHost[localhost].StandardContext[/clinica_prosaude]] after start() had already been called. The second call will be ignored.
30-Jul-2024 20:23:41.464 INFO [http-nio-8080-exec-114] org.apache.catalina.startup.HostConfig.undeploy Undeploying context [/clinica_prosaude]
30-Jul-2024 20:23:41.513 INFO [http-nio-8080-exec-106] org.apache.catalina.startup.HostConfig.deployDescriptor Deploying deployment descriptor [C:\Users\user\Desktop\Estudos\DWEB\apache-tomcat-8.5.99\conf\Catalina\localhost\clinica_prosaude.xml]
30-Jul-2024 20:23:41.515 WARNING [http-nio-8080-exec-106] org.apache.catalina.startup.HostConfig.deployDescriptor The path attribute with value [/clinica_prosaude] in deployment descriptor [C:\Users\user\Desktop\Estudos\DWEB\apache-tomcat-8.5.99\conf\Catalina\localhost\clinica_prosaude.xml] has been ignored
30-Jul-2024 20:23:42.109 INFO [http-nio-8080-exec-106] org.apache.jasper.servlet.TldScanner.scanJars At least one JAR was scanned for TLDs yet contained no TLDs. Enable debug logging for this logger for a complete list of JARs that were scanned but no TLDs were found in them. Skipping unneeded JARs during scanning can improve startup time and JSP compilation time.
30-Jul-2024 20:23:42.112 INFO [http-nio-8080-exec-106] org.apache.catalina.startup.HostConfig.deployDescriptor Deployment of deployment descriptor [C:\Users\user\Desktop\Estudos\DWEB\apache-tomcat-8.5.99\conf\Catalina\localhost\clinica_prosaude.xml] has finished in [599] ms
30-Jul-2024 20:23:42.113 INFO [http-nio-8080-exec-115] org.apache.catalina.util.LifecycleBase.start The start() method was called on component [StandardEngine[Catalina].StandardHost[localhost].StandardContext[/clinica_prosaude]] after start() had already been called. The second call will be ignored.
30-Jul-2024 20:24:19.136 INFO [http-nio-8080-exec-117] org.apache.catalina.startup.HostConfig.undeploy Undeploying context [/clinica_prosaude]
30-Jul-2024 20:24:19.172 INFO [http-nio-8080-exec-115] org.apache.catalina.startup.HostConfig.deployDescriptor Deploying deployment descriptor [C:\Users\user\Desktop\Estudos\DWEB\apache-tomcat-8.5.99\conf\Catalina\localhost\clinica_prosaude.xml]
30-Jul-2024 20:24:19.172 WARNING [http-nio-8080-exec-115] org.apache.catalina.startup.HostConfig.deployDescriptor The path attribute with value [/clinica_prosaude] in deployment descriptor [C:\Users\user\Desktop\Estudos\DWEB\apache-tomcat-8.5.99\conf\Catalina\localhost\clinica_prosaude.xml] has been ignored
30-Jul-2024 20:24:19.752 INFO [http-nio-8080-exec-115] org.apache.jasper.servlet.TldScanner.scanJars At least one JAR was scanned for TLDs yet contained no TLDs. Enable debug logging for this logger for a complete list of JARs that were scanned but no TLDs were found in them. Skipping unneeded JARs during scanning can improve startup time and JSP compilation time.
30-Jul-2024 20:24:19.770 INFO [http-nio-8080-exec-115] org.apache.catalina.startup.HostConfig.deployDescriptor Deployment of deployment descriptor [C:\Users\user\Desktop\Estudos\DWEB\apache-tomcat-8.5.99\conf\Catalina\localhost\clinica_prosaude.xml] has finished in [598] ms
30-Jul-2024 20:24:19.772 INFO [http-nio-8080-exec-116] org.apache.catalina.util.LifecycleBase.start The start() method was called on component [StandardEngine[Catalina].StandardHost[localhost].StandardContext[/clinica_prosaude]] after start() had already been called. The second call will be ignored.
30-Jul-2024 20:24:32.165 INFO [http-nio-8080-exec-115] org.apache.catalina.startup.HostConfig.undeploy Undeploying context [/clinica_prosaude]
30-Jul-2024 20:24:32.180 INFO [http-nio-8080-exec-131] org.apache.catalina.startup.HostConfig.deployDescriptor Deploying deployment descriptor [C:\Users\user\Desktop\Estudos\DWEB\apache-tomcat-8.5.99\conf\Catalina\localhost\clinica_prosaude.xml]
30-Jul-2024 20:24:32.181 WARNING [http-nio-8080-exec-131] org.apache.catalina.startup.HostConfig.deployDescriptor The path attribute with value [/clinica_prosaude] in deployment descriptor [C:\Users\user\Desktop\Estudos\DWEB\apache-tomcat-8.5.99\conf\Catalina\localhost\clinica_prosaude.xml] has been ignored
30-Jul-2024 20:24:32.724 INFO [http-nio-8080-exec-131] org.apache.jasper.servlet.TldScanner.scanJars At least one JAR was scanned for TLDs yet contained no TLDs. Enable debug logging for this logger for a complete list of JARs that were scanned but no TLDs were found in them. Skipping unneeded JARs during scanning can improve startup time and JSP compilation time.
30-Jul-2024 20:24:32.728 INFO [http-nio-8080-exec-131] org.apache.catalina.startup.HostConfig.deployDescriptor Deployment of deployment descriptor [C:\Users\user\Desktop\Estudos\DWEB\apache-tomcat-8.5.99\conf\Catalina\localhost\clinica_prosaude.xml] has finished in [548] ms
30-Jul-2024 20:24:32.731 INFO [http-nio-8080-exec-116] org.apache.catalina.util.LifecycleBase.start The start() method was called on component [StandardEngine[Catalina].StandardHost[localhost].StandardContext[/clinica_prosaude]] after start() had already been called. The second call will be ignored.
30-Jul-2024 20:24:56.518 INFO [http-nio-8080-exec-132] org.apache.catalina.startup.HostConfig.undeploy Undeploying context [/clinica_prosaude]
30-Jul-2024 20:24:56.543 INFO [http-nio-8080-exec-133] org.apache.catalina.startup.HostConfig.deployDescriptor Deploying deployment descriptor [C:\Users\user\Desktop\Estudos\DWEB\apache-tomcat-8.5.99\conf\Catalina\localhost\clinica_prosaude.xml]
30-Jul-2024 20:24:56.545 WARNING [http-nio-8080-exec-133] org.apache.catalina.startup.HostConfig.deployDescriptor The path attribute with value [/clinica_prosaude] in deployment descriptor [C:\Users\user\Desktop\Estudos\DWEB\apache-tomcat-8.5.99\conf\Catalina\localhost\clinica_prosaude.xml] has been ignored
30-Jul-2024 20:24:57.012 INFO [http-nio-8080-exec-133] org.apache.jasper.servlet.TldScanner.scanJars At least one JAR was scanned for TLDs yet contained no TLDs. Enable debug logging for this logger for a complete list of JARs that were scanned but no TLDs were found in them. Skipping unneeded JARs during scanning can improve startup time and JSP compilation time.
30-Jul-2024 20:24:57.016 INFO [http-nio-8080-exec-133] org.apache.catalina.startup.HostConfig.deployDescriptor Deployment of deployment descriptor [C:\Users\user\Desktop\Estudos\DWEB\apache-tomcat-8.5.99\conf\Catalina\localhost\clinica_prosaude.xml] has finished in [472] ms
30-Jul-2024 20:24:57.019 INFO [http-nio-8080-exec-135] org.apache.catalina.util.LifecycleBase.start The start() method was called on component [StandardEngine[Catalina].StandardHost[localhost].StandardContext[/clinica_prosaude]] after start() had already been called. The second call will be ignored.
30-Jul-2024 20:25:14.333 INFO [http-nio-8080-exec-115] org.apache.catalina.startup.HostConfig.undeploy Undeploying context [/clinica_prosaude]
30-Jul-2024 20:25:14.346 INFO [http-nio-8080-exec-133] org.apache.catalina.startup.HostConfig.deployDescriptor Deploying deployment descriptor [C:\Users\user\Desktop\Estudos\DWEB\apache-tomcat-8.5.99\conf\Catalina\localhost\clinica_prosaude.xml]
30-Jul-2024 20:25:14.346 WARNING [http-nio-8080-exec-133] org.apache.catalina.startup.HostConfig.deployDescriptor The path attribute with value [/clinica_prosaude] in deployment descriptor [C:\Users\user\Desktop\Estudos\DWEB\apache-tomcat-8.5.99\conf\Catalina\localhost\clinica_prosaude.xml] has been ignored
30-Jul-2024 20:25:15.049 INFO [http-nio-8080-exec-133] org.apache.jasper.servlet.TldScanner.scanJars At least one JAR was scanned for TLDs yet contained no TLDs. Enable debug logging for this logger for a complete list of JARs that were scanned but no TLDs were found in them. Skipping unneeded JARs during scanning can improve startup time and JSP compilation time.
30-Jul-2024 20:25:15.053 INFO [http-nio-8080-exec-133] org.apache.catalina.startup.HostConfig.deployDescriptor Deployment of deployment descriptor [C:\Users\user\Desktop\Estudos\DWEB\apache-tomcat-8.5.99\conf\Catalina\localhost\clinica_prosaude.xml] has finished in [707] ms
30-Jul-2024 20:25:15.054 INFO [http-nio-8080-exec-135] org.apache.catalina.util.LifecycleBase.start The start() method was called on component [StandardEngine[Catalina].StandardHost[localhost].StandardContext[/clinica_prosaude]] after start() had already been called. The second call will be ignored.
