10-Jul-2024 17:08:57.479 ADVERTÊNCIA [main] org.apache.catalina.core.AprLifecycleListener.init The Apache Tomcat Native library failed to load. The error reported was [C:\Users\user\Desktop\Estudos\DWEB\apache-tomcat-8.5.99\bin\tcnative-1.dll: Can't load AMD 64-bit .dll on a IA 32-bit platform]
	java.lang.UnsatisfiedLinkError: C:\Users\user\Desktop\Estudos\DWEB\apache-tomcat-8.5.99\bin\tcnative-1.dll: Can't load AMD 64-bit .dll on a IA 32-bit platform
		at java.lang.ClassLoader$NativeLibrary.load(Native Method)
		at java.lang.ClassLoader.loadLibrary0(Unknown Source)
		at java.lang.ClassLoader.loadLibrary(Unknown Source)
		at java.lang.Runtime.loadLibrary0(Unknown Source)
		at java.lang.System.loadLibrary(Unknown Source)
		at org.apache.tomcat.jni.Library.<init>(Library.java:47)
		at org.apache.tomcat.jni.Library.initialize(Library.java:225)
		at org.apache.catalina.core.AprLifecycleListener.init(AprLifecycleListener.java:196)
		at org.apache.catalina.core.AprLifecycleListener.isAprAvailable(AprLifecycleListener.java:112)
		at org.apache.catalina.connector.Connector.setProtocol(Connector.java:649)
		at org.apache.catalina.connector.Connector.<init>(Connector.java:82)
		at org.apache.catalina.startup.ConnectorCreateRule.begin(ConnectorCreateRule.java:59)
		at org.apache.tomcat.util.digester.Digester.startElement(Digester.java:1235)
		at com.sun.org.apache.xerces.internal.parsers.AbstractSAXParser.startElement(Unknown Source)
		at com.sun.org.apache.xerces.internal.parsers.AbstractXMLDocumentParser.emptyElement(Unknown Source)
		at com.sun.org.apache.xerces.internal.impl.XMLDocumentFragmentScannerImpl.scanStartElement(Unknown Source)
		at com.sun.org.apache.xerces.internal.impl.XMLDocumentFragmentScannerImpl$FragmentContentDriver.next(Unknown Source)
		at com.sun.org.apache.xerces.internal.impl.XMLDocumentScannerImpl.next(Unknown Source)
		at com.sun.org.apache.xerces.internal.impl.XMLDocumentFragmentScannerImpl.scanDocument(Unknown Source)
		at com.sun.org.apache.xerces.internal.parsers.XML11Configuration.parse(Unknown Source)
		at com.sun.org.apache.xerces.internal.parsers.XML11Configuration.parse(Unknown Source)
		at com.sun.org.apache.xerces.internal.parsers.XMLParser.parse(Unknown Source)
		at com.sun.org.apache.xerces.internal.parsers.AbstractSAXParser.parse(Unknown Source)
		at com.sun.org.apache.xerces.internal.jaxp.SAXParserImpl$JAXPSAXParser.parse(Unknown Source)
		at org.apache.tomcat.util.digester.Digester.parse(Digester.java:1496)
		at org.apache.catalina.startup.Catalina.load(Catalina.java:569)
		at org.apache.catalina.startup.Catalina.load(Catalina.java:619)
		at sun.reflect.NativeMethodAccessorImpl.invoke0(Native Method)
		at sun.reflect.NativeMethodAccessorImpl.invoke(Unknown Source)
		at sun.reflect.DelegatingMethodAccessorImpl.invoke(Unknown Source)
		at java.lang.reflect.Method.invoke(Unknown Source)
		at org.apache.catalina.startup.Bootstrap.load(Bootstrap.java:302)
		at org.apache.catalina.startup.Bootstrap.main(Bootstrap.java:475)
10-Jul-2024 17:08:57.605 INFORMAÇÕES [main] org.apache.catalina.startup.VersionLoggerListener.log Server version name:   Apache Tomcat/8.5.99
10-Jul-2024 17:08:57.606 INFORMAÇÕES [main] org.apache.catalina.startup.VersionLoggerListener.log Server built:          Feb 14 2024 22:52:13 UTC
10-Jul-2024 17:08:57.609 INFORMAÇÕES [main] org.apache.catalina.startup.VersionLoggerListener.log Server version number: 8.5.99.0
10-Jul-2024 17:08:57.609 INFORMAÇÕES [main] org.apache.catalina.startup.VersionLoggerListener.log OS Name:               Windows 10
10-Jul-2024 17:08:57.613 INFORMAÇÕES [main] org.apache.catalina.startup.VersionLoggerListener.log OS Version:            10.0
10-Jul-2024 17:08:57.614 INFORMAÇÕES [main] org.apache.catalina.startup.VersionLoggerListener.log Architecture:          x86
10-Jul-2024 17:08:57.614 INFORMAÇÕES [main] org.apache.catalina.startup.VersionLoggerListener.log Java Home:             C:\Program Files (x86)\Java\jre-1.8
10-Jul-2024 17:08:57.615 INFORMAÇÕES [main] org.apache.catalina.startup.VersionLoggerListener.log JVM Version:           1.8.0_411-b09
10-Jul-2024 17:08:57.615 INFORMAÇÕES [main] org.apache.catalina.startup.VersionLoggerListener.log JVM Vendor:            Oracle Corporation
10-Jul-2024 17:08:57.616 INFORMAÇÕES [main] org.apache.catalina.startup.VersionLoggerListener.log CATALINA_BASE:         C:\Users\user\Desktop\Estudos\DWEB\apache-tomcat-8.5.99
10-Jul-2024 17:08:57.617 INFORMAÇÕES [main] org.apache.catalina.startup.VersionLoggerListener.log CATALINA_HOME:         C:\Users\user\Desktop\Estudos\DWEB\apache-tomcat-8.5.99
10-Jul-2024 17:08:57.617 INFORMAÇÕES [main] org.apache.catalina.startup.VersionLoggerListener.log Command line argument: -Djava.util.logging.config.file=C:\Users\user\Desktop\Estudos\DWEB\apache-tomcat-8.5.99\conf\logging.properties
10-Jul-2024 17:08:57.618 INFORMAÇÕES [main] org.apache.catalina.startup.VersionLoggerListener.log Command line argument: -Djava.util.logging.manager=org.apache.juli.ClassLoaderLogManager
10-Jul-2024 17:08:57.618 INFORMAÇÕES [main] org.apache.catalina.startup.VersionLoggerListener.log Command line argument: -Djdk.tls.ephemeralDHKeySize=2048
10-Jul-2024 17:08:57.623 INFORMAÇÕES [main] org.apache.catalina.startup.VersionLoggerListener.log Command line argument: -Djava.protocol.handler.pkgs=org.apache.catalina.webresources
10-Jul-2024 17:08:57.624 INFORMAÇÕES [main] org.apache.catalina.startup.VersionLoggerListener.log Command line argument: -Dignore.endorsed.dirs=
10-Jul-2024 17:08:57.625 INFORMAÇÕES [main] org.apache.catalina.startup.VersionLoggerListener.log Command line argument: -Dcatalina.base=C:\Users\user\Desktop\Estudos\DWEB\apache-tomcat-8.5.99
10-Jul-2024 17:08:57.626 INFORMAÇÕES [main] org.apache.catalina.startup.VersionLoggerListener.log Command line argument: -Dcatalina.home=C:\Users\user\Desktop\Estudos\DWEB\apache-tomcat-8.5.99
10-Jul-2024 17:08:57.626 INFORMAÇÕES [main] org.apache.catalina.startup.VersionLoggerListener.log Command line argument: -Djava.io.tmpdir=C:\Users\user\Desktop\Estudos\DWEB\apache-tomcat-8.5.99\temp
10-Jul-2024 17:08:58.228 INFORMAÇÕES [main] org.apache.coyote.AbstractProtocol.init Initializing ProtocolHandler ["http-nio-8080"]
10-Jul-2024 17:08:58.273 INFORMAÇÕES [main] org.apache.catalina.startup.Catalina.load Initialization processed in 1489 ms
10-Jul-2024 17:08:58.493 INFORMAÇÕES [main] org.apache.catalina.core.StandardService.startInternal Starting service [Catalina]
10-Jul-2024 17:08:58.493 INFORMAÇÕES [main] org.apache.catalina.core.StandardEngine.startInternal Starting Servlet engine: [Apache Tomcat/8.5.99]
10-Jul-2024 17:08:58.547 INFORMAÇÕES [localhost-startStop-1] org.apache.catalina.startup.HostConfig.deployDirectory Deploying web application directory [C:\Users\user\Desktop\Estudos\DWEB\apache-tomcat-8.5.99\webapps\docs]
10-Jul-2024 17:09:01.079 ADVERTÊNCIA [localhost-startStop-1] org.apache.catalina.util.SessionIdGeneratorBase.createSecureRandom Creation of SecureRandom instance for session ID generation using [SHA1PRNG] took [1,326] milliseconds.
10-Jul-2024 17:09:01.135 INFORMAÇÕES [localhost-startStop-1] org.apache.catalina.startup.HostConfig.deployDirectory Deployment of web application directory [C:\Users\user\Desktop\Estudos\DWEB\apache-tomcat-8.5.99\webapps\docs] has finished in [2,588] ms
10-Jul-2024 17:09:01.137 INFORMAÇÕES [localhost-startStop-1] org.apache.catalina.startup.HostConfig.deployDirectory Deploying web application directory [C:\Users\user\Desktop\Estudos\DWEB\apache-tomcat-8.5.99\webapps\examples]
10-Jul-2024 17:09:02.289 INFORMAÇÕES [localhost-startStop-1] org.apache.catalina.startup.HostConfig.deployDirectory Deployment of web application directory [C:\Users\user\Desktop\Estudos\DWEB\apache-tomcat-8.5.99\webapps\examples] has finished in [1,151] ms
10-Jul-2024 17:09:02.291 INFORMAÇÕES [localhost-startStop-1] org.apache.catalina.startup.HostConfig.deployDirectory Deploying web application directory [C:\Users\user\Desktop\Estudos\DWEB\apache-tomcat-8.5.99\webapps\host-manager]
10-Jul-2024 17:09:02.356 INFORMAÇÕES [localhost-startStop-1] org.apache.catalina.startup.HostConfig.deployDirectory Deployment of web application directory [C:\Users\user\Desktop\Estudos\DWEB\apache-tomcat-8.5.99\webapps\host-manager] has finished in [65] ms
10-Jul-2024 17:09:02.357 INFORMAÇÕES [localhost-startStop-1] org.apache.catalina.startup.HostConfig.deployDirectory Deploying web application directory [C:\Users\user\Desktop\Estudos\DWEB\apache-tomcat-8.5.99\webapps\manager]
10-Jul-2024 17:09:02.442 INFORMAÇÕES [localhost-startStop-1] org.apache.catalina.startup.HostConfig.deployDirectory Deployment of web application directory [C:\Users\user\Desktop\Estudos\DWEB\apache-tomcat-8.5.99\webapps\manager] has finished in [85] ms
10-Jul-2024 17:09:02.445 INFORMAÇÕES [localhost-startStop-1] org.apache.catalina.startup.HostConfig.deployDirectory Deploying web application directory [C:\Users\user\Desktop\Estudos\DWEB\apache-tomcat-8.5.99\webapps\programas]
10-Jul-2024 17:09:02.506 INFORMAÇÕES [localhost-startStop-1] org.apache.catalina.startup.HostConfig.deployDirectory Deployment of web application directory [C:\Users\user\Desktop\Estudos\DWEB\apache-tomcat-8.5.99\webapps\programas] has finished in [63] ms
10-Jul-2024 17:09:02.506 INFORMAÇÕES [localhost-startStop-1] org.apache.catalina.startup.HostConfig.deployDirectory Deploying web application directory [C:\Users\user\Desktop\Estudos\DWEB\apache-tomcat-8.5.99\webapps\ROOT]
10-Jul-2024 17:09:02.544 INFORMAÇÕES [localhost-startStop-1] org.apache.catalina.startup.HostConfig.deployDirectory Deployment of web application directory [C:\Users\user\Desktop\Estudos\DWEB\apache-tomcat-8.5.99\webapps\ROOT] has finished in [38] ms
10-Jul-2024 17:09:02.555 INFORMAÇÕES [main] org.apache.coyote.AbstractProtocol.start Starting ProtocolHandler ["http-nio-8080"]
10-Jul-2024 17:09:02.588 INFORMAÇÕES [main] org.apache.catalina.startup.Catalina.start Server startup in 4314 ms
10-Jul-2024 17:09:26.217 INFORMAÇÕES [http-nio-8080-exec-2] org.apache.catalina.startup.HostConfig.deployDescriptor Deploying deployment descriptor [C:\Users\user\Desktop\Estudos\DWEB\apache-tomcat-8.5.99\conf\Catalina\localhost\alexandre_pizzaria.xml]
10-Jul-2024 17:09:26.219 ADVERTÊNCIA [http-nio-8080-exec-2] org.apache.catalina.startup.HostConfig.deployDescriptor The path attribute with value [/alexandre_pizzaria] in deployment descriptor [C:\Users\user\Desktop\Estudos\DWEB\apache-tomcat-8.5.99\conf\Catalina\localhost\alexandre_pizzaria.xml] has been ignored
10-Jul-2024 17:09:26.248 INFORMAÇÕES [http-nio-8080-exec-2] org.apache.catalina.startup.HostConfig.deployDescriptor Deployment of deployment descriptor [C:\Users\user\Desktop\Estudos\DWEB\apache-tomcat-8.5.99\conf\Catalina\localhost\alexandre_pizzaria.xml] has finished in [31] ms
10-Jul-2024 17:09:26.253 INFORMAÇÕES [http-nio-8080-exec-8] org.apache.catalina.util.LifecycleBase.start The start() method was called on component [StandardEngine[Catalina].StandardHost[localhost].StandardContext[/alexandre_pizzaria]] after start() had already been called. The second call will be ignored.
10-Jul-2024 17:43:28.504 INFORMAÇÕES [http-nio-8080-exec-2] org.apache.catalina.core.StandardContext.reload Reloading Context with name [/alexandre_pizzaria] has started
10-Jul-2024 17:43:29.684 INFORMAÇÕES [http-nio-8080-exec-2] org.apache.jasper.servlet.TldScanner.scanJars At least one JAR was scanned for TLDs yet contained no TLDs. Enable debug logging for this logger for a complete list of JARs that were scanned but no TLDs were found in them. Skipping unneeded JARs during scanning can improve startup time and JSP compilation time.
10-Jul-2024 17:43:29.692 INFORMAÇÕES [http-nio-8080-exec-2] org.apache.catalina.core.StandardContext.reload Reloading Context with name [/alexandre_pizzaria] is completed
10-Jul-2024 17:44:42.836 INFORMAÇÕES [http-nio-8080-exec-1] org.apache.catalina.core.StandardContext.reload Reloading Context with name [/alexandre_pizzaria] has started
10-Jul-2024 17:44:43.863 INFORMAÇÕES [http-nio-8080-exec-1] org.apache.jasper.servlet.TldScanner.scanJars At least one JAR was scanned for TLDs yet contained no TLDs. Enable debug logging for this logger for a complete list of JARs that were scanned but no TLDs were found in them. Skipping unneeded JARs during scanning can improve startup time and JSP compilation time.
10-Jul-2024 17:44:43.868 INFORMAÇÕES [http-nio-8080-exec-1] org.apache.catalina.core.StandardContext.reload Reloading Context with name [/alexandre_pizzaria] is completed
10-Jul-2024 17:44:44.198 INFORMAÇÕES [http-nio-8080-exec-3] org.apache.catalina.core.StandardContext.reload Reloading Context with name [/alexandre_pizzaria] has started
10-Jul-2024 17:44:44.951 INFORMAÇÕES [http-nio-8080-exec-3] org.apache.jasper.servlet.TldScanner.scanJars At least one JAR was scanned for TLDs yet contained no TLDs. Enable debug logging for this logger for a complete list of JARs that were scanned but no TLDs were found in them. Skipping unneeded JARs during scanning can improve startup time and JSP compilation time.
10-Jul-2024 17:44:44.958 INFORMAÇÕES [http-nio-8080-exec-3] org.apache.catalina.core.StandardContext.reload Reloading Context with name [/alexandre_pizzaria] is completed
10-Jul-2024 17:56:35.428 INFORMAÇÕES [http-nio-8080-exec-18] org.apache.catalina.core.StandardContext.reload Reloading Context with name [/alexandre_pizzaria] has started
10-Jul-2024 17:56:36.030 INFORMAÇÕES [http-nio-8080-exec-18] org.apache.jasper.servlet.TldScanner.scanJars At least one JAR was scanned for TLDs yet contained no TLDs. Enable debug logging for this logger for a complete list of JARs that were scanned but no TLDs were found in them. Skipping unneeded JARs during scanning can improve startup time and JSP compilation time.
10-Jul-2024 17:56:36.035 INFORMAÇÕES [http-nio-8080-exec-18] org.apache.catalina.core.StandardContext.reload Reloading Context with name [/alexandre_pizzaria] is completed
