23-Jul-2024 19:38:29.132 INFORMAÇÕES [http-nio-8080-exec-9] org.apache.catalina.core.ApplicationContext.log Manager: init: Associated with Deployer 'Catalina:type=Deployer,host=localhost'
23-Jul-2024 19:38:29.133 INFORMAÇÕES [http-nio-8080-exec-9] org.apache.catalina.core.ApplicationContext.log Manager: init: Global resources are available
23-Jul-2024 19:38:29.164 INFORMAÇÕES [http-nio-8080-exec-2] org.apache.catalina.core.ApplicationContext.log Manager: list: Listing contexts for virtual host 'localhost'
23-Jul-2024 19:38:29.186 INFORMAÇÕES [http-nio-8080-exec-8] org.apache.catalina.core.ApplicationContext.log Manager: list: Listing contexts for virtual host 'localhost'
23-Jul-2024 19:38:29.210 INFORMAÇÕES [http-nio-8080-exec-1] org.apache.catalina.core.ApplicationContext.log Manager: install: Installing context configuration at 'file:/C:/Users/user/AppData/Local/Temp/context15235415568229000537.xml'
23-Jul-2024 19:38:29.288 INFORMAÇÕES [http-nio-8080-exec-7] org.apache.catalina.core.ApplicationContext.log Manager: start: Starting web application '/clinica_prosaude'
23-Jul-2024 19:40:53.635 INFORMAÇÕES [http-nio-8080-exec-3] org.apache.catalina.core.ApplicationContext.log Manager: list: Listing contexts for virtual host 'localhost'
23-Jul-2024 19:40:54.232 INFORMAÇÕES [http-nio-8080-exec-2] org.apache.catalina.core.ApplicationContext.log Manager: list: Listing contexts for virtual host 'localhost'
23-Jul-2024 19:40:54.235 INFORMAÇÕES [http-nio-8080-exec-9] org.apache.catalina.core.ApplicationContext.log Manager: list: Listing contexts for virtual host 'localhost'
23-Jul-2024 19:42:17.266 INFORMAÇÕES [http-nio-8080-exec-4] org.apache.catalina.core.ApplicationContext.log Manager: list: Listing contexts for virtual host 'localhost'
23-Jul-2024 19:42:17.292 INFORMAÇÕES [http-nio-8080-exec-3] org.apache.catalina.core.ApplicationContext.log Manager: restart: Reloading web application '/clinica_prosaude'
23-Jul-2024 19:42:18.048 INFORMAÇÕES [http-nio-8080-exec-8] org.apache.catalina.core.ApplicationContext.log Manager: list: Listing contexts for virtual host 'localhost'
23-Jul-2024 19:42:18.058 INFORMAÇÕES [http-nio-8080-exec-10] org.apache.catalina.core.ApplicationContext.log Manager: restart: Reloading web application '/clinica_prosaude'
23-Jul-2024 19:43:55.170 INFORMAÇÕES [http-nio-8080-exec-9] org.apache.catalina.core.ApplicationContext.log Manager: list: Listing contexts for virtual host 'localhost'
23-Jul-2024 19:43:55.512 INFORMAÇÕES [http-nio-8080-exec-1] org.apache.catalina.core.ApplicationContext.log Manager: list: Listing contexts for virtual host 'localhost'
23-Jul-2024 19:44:06.065 INFORMAÇÕES [http-nio-8080-exec-12] org.apache.catalina.core.ApplicationContext.log Manager: list: Listing contexts for virtual host 'localhost'
23-Jul-2024 19:44:06.072 INFORMAÇÕES [http-nio-8080-exec-6] org.apache.catalina.core.ApplicationContext.log Manager: restart: Reloading web application '/clinica_prosaude'
23-Jul-2024 19:44:06.602 INFORMAÇÕES [http-nio-8080-exec-4] org.apache.catalina.core.ApplicationContext.log Manager: list: Listing contexts for virtual host 'localhost'
23-Jul-2024 19:44:06.609 INFORMAÇÕES [http-nio-8080-exec-2] org.apache.catalina.core.ApplicationContext.log Manager: restart: Reloading web application '/clinica_prosaude'
23-Jul-2024 19:55:44.249 INFORMAÇÕES [http-nio-8080-exec-15] org.apache.catalina.core.ApplicationContext.log Manager: list: Listing contexts for virtual host 'localhost'
23-Jul-2024 19:55:44.252 INFORMAÇÕES [http-nio-8080-exec-16] org.apache.catalina.core.ApplicationContext.log Manager: restart: Reloading web application '/clinica_prosaude'
23-Jul-2024 19:57:07.422 INFORMAÇÕES [http-nio-8080-exec-27] org.apache.catalina.core.ApplicationContext.log Manager: list: Listing contexts for virtual host 'localhost'
23-Jul-2024 19:57:07.432 INFORMAÇÕES [http-nio-8080-exec-20] org.apache.catalina.core.ApplicationContext.log Manager: restart: Reloading web application '/clinica_prosaude'
23-Jul-2024 20:03:06.799 INFORMAÇÕES [http-nio-8080-exec-15] org.apache.catalina.core.ApplicationContext.log Manager: list: Listing contexts for virtual host 'localhost'
23-Jul-2024 20:03:06.906 INFORMAÇÕES [http-nio-8080-exec-33] org.apache.catalina.core.ApplicationContext.log Manager: restart: Reloading web application '/clinica_prosaude'
23-Jul-2024 20:03:09.159 INFORMAÇÕES [http-nio-8080-exec-26] org.apache.catalina.core.ApplicationContext.log Manager: list: Listing contexts for virtual host 'localhost'
23-Jul-2024 20:03:09.167 INFORMAÇÕES [http-nio-8080-exec-15] org.apache.catalina.core.ApplicationContext.log Manager: restart: Reloading web application '/clinica_prosaude'
23-Jul-2024 20:14:56.561 INFORMAÇÕES [http-nio-8080-exec-36] org.apache.catalina.core.ApplicationContext.log Manager: list: Listing contexts for virtual host 'localhost'
23-Jul-2024 20:14:56.584 INFORMAÇÕES [http-nio-8080-exec-37] org.apache.catalina.core.ApplicationContext.log Manager: restart: Reloading web application '/clinica_prosaude'
23-Jul-2024 20:14:57.692 INFORMAÇÕES [http-nio-8080-exec-44] org.apache.catalina.core.ApplicationContext.log Manager: list: Listing contexts for virtual host 'localhost'
23-Jul-2024 20:14:57.701 INFORMAÇÕES [http-nio-8080-exec-42] org.apache.catalina.core.ApplicationContext.log Manager: restart: Reloading web application '/clinica_prosaude'
23-Jul-2024 20:37:08.775 INFORMAÇÕES [http-nio-8080-exec-56] org.apache.catalina.core.ApplicationContext.log Manager: list: Listing contexts for virtual host 'localhost'
23-Jul-2024 20:37:08.828 INFORMAÇÕES [http-nio-8080-exec-50] org.apache.catalina.core.ApplicationContext.log Manager: restart: Reloading web application '/clinica_prosaude'
23-Jul-2024 20:37:43.368 INFORMAÇÕES [http-nio-8080-exec-47] org.apache.catalina.core.ApplicationContext.log Manager: list: Listing contexts for virtual host 'localhost'
23-Jul-2024 20:37:43.384 INFORMAÇÕES [http-nio-8080-exec-56] org.apache.catalina.core.ApplicationContext.log Manager: restart: Reloading web application '/clinica_prosaude'
23-Jul-2024 20:37:45.095 INFORMAÇÕES [http-nio-8080-exec-48] org.apache.catalina.core.ApplicationContext.log Manager: list: Listing contexts for virtual host 'localhost'
23-Jul-2024 20:37:45.113 INFORMAÇÕES [http-nio-8080-exec-55] org.apache.catalina.core.ApplicationContext.log Manager: restart: Reloading web application '/clinica_prosaude'
23-Jul-2024 20:37:57.353 INFORMAÇÕES [http-nio-8080-exec-48] org.apache.catalina.core.ApplicationContext.log Manager: list: Listing contexts for virtual host 'localhost'
23-Jul-2024 20:37:57.357 INFORMAÇÕES [http-nio-8080-exec-54] org.apache.catalina.core.ApplicationContext.log Manager: list: Listing contexts for virtual host 'localhost'
23-Jul-2024 20:37:57.381 INFORMAÇÕES [http-nio-8080-exec-52] org.apache.catalina.core.ApplicationContext.log Manager: restart: Reloading web application '/clinica_prosaude'
23-Jul-2024 20:39:39.911 INFORMAÇÕES [http-nio-8080-exec-63] org.apache.catalina.core.ApplicationContext.log Manager: list: Listing contexts for virtual host 'localhost'
23-Jul-2024 20:39:40.964 INFORMAÇÕES [http-nio-8080-exec-65] org.apache.catalina.core.ApplicationContext.log Manager: list: Listing contexts for virtual host 'localhost'
23-Jul-2024 20:39:41.530 INFORMAÇÕES [http-nio-8080-exec-67] org.apache.catalina.core.ApplicationContext.log Manager: list: Listing contexts for virtual host 'localhost'
23-Jul-2024 20:39:41.591 INFORMAÇÕES [http-nio-8080-exec-69] org.apache.catalina.core.ApplicationContext.log Manager: list: Listing contexts for virtual host 'localhost'
23-Jul-2024 20:39:41.671 INFORMAÇÕES [http-nio-8080-exec-64] org.apache.catalina.core.ApplicationContext.log Manager: list: Listing contexts for virtual host 'localhost'
23-Jul-2024 20:39:41.889 INFORMAÇÕES [http-nio-8080-exec-66] org.apache.catalina.core.ApplicationContext.log Manager: list: Listing contexts for virtual host 'localhost'
23-Jul-2024 20:39:42.242 INFORMAÇÕES [http-nio-8080-exec-68] org.apache.catalina.core.ApplicationContext.log Manager: list: Listing contexts for virtual host 'localhost'
23-Jul-2024 20:59:58.884 INFORMAÇÕES [http-nio-8080-exec-70] org.apache.catalina.core.ApplicationContext.log Manager: list: Listing contexts for virtual host 'localhost'
23-Jul-2024 20:59:58.904 INFORMAÇÕES [http-nio-8080-exec-65] org.apache.catalina.core.ApplicationContext.log Manager: restart: Reloading web application '/clinica_prosaude'
23-Jul-2024 21:00:00.458 INFORMAÇÕES [http-nio-8080-exec-62] org.apache.catalina.core.ApplicationContext.log Manager: list: Listing contexts for virtual host 'localhost'
23-Jul-2024 21:00:00.461 INFORMAÇÕES [http-nio-8080-exec-71] org.apache.catalina.core.ApplicationContext.log Manager: restart: Reloading web application '/clinica_prosaude'
23-Jul-2024 21:00:01.291 INFORMAÇÕES [http-nio-8080-exec-68] org.apache.catalina.core.ApplicationContext.log Manager: list: Listing contexts for virtual host 'localhost'
23-Jul-2024 21:00:01.300 INFORMAÇÕES [http-nio-8080-exec-62] org.apache.catalina.core.ApplicationContext.log Manager: restart: Reloading web application '/clinica_prosaude'
23-Jul-2024 21:03:17.018 INFORMAÇÕES [http-nio-8080-exec-63] org.apache.catalina.core.ApplicationContext.log Manager: list: Listing contexts for virtual host 'localhost'
23-Jul-2024 21:03:17.018 INFORMAÇÕES [http-nio-8080-exec-76] org.apache.catalina.core.ApplicationContext.log Manager: restart: Reloading web application '/clinica_prosaude'
23-Jul-2024 21:03:17.977 INFORMAÇÕES [http-nio-8080-exec-70] org.apache.catalina.core.ApplicationContext.log Manager: list: Listing contexts for virtual host 'localhost'
23-Jul-2024 21:03:17.984 INFORMAÇÕES [http-nio-8080-exec-74] org.apache.catalina.core.ApplicationContext.log Manager: restart: Reloading web application '/clinica_prosaude'
23-Jul-2024 21:13:39.775 INFORMAÇÕES [http-nio-8080-exec-81] org.apache.catalina.core.ApplicationContext.log Manager: list: Listing contexts for virtual host 'localhost'
23-Jul-2024 21:13:45.393 INFORMAÇÕES [http-nio-8080-exec-78] org.apache.catalina.core.ApplicationContext.log Manager: list: Listing contexts for virtual host 'localhost'
23-Jul-2024 21:13:45.410 INFORMAÇÕES [http-nio-8080-exec-81] org.apache.catalina.core.ApplicationContext.log Manager: list: Listing contexts for virtual host 'localhost'
23-Jul-2024 21:13:45.433 INFORMAÇÕES [http-nio-8080-exec-82] org.apache.catalina.core.ApplicationContext.log Manager: restart: Reloading web application '/clinica_prosaude'
23-Jul-2024 21:14:23.260 INFORMAÇÕES [http-nio-8080-exec-93] org.apache.catalina.core.ApplicationContext.log Manager: list: Listing contexts for virtual host 'localhost'
23-Jul-2024 21:14:45.528 INFORMAÇÕES [http-nio-8080-exec-91] org.apache.catalina.core.ApplicationContext.log Manager: list: Listing contexts for virtual host 'localhost'
23-Jul-2024 21:14:45.536 INFORMAÇÕES [http-nio-8080-exec-92] org.apache.catalina.core.ApplicationContext.log Manager: restart: Reloading web application '/clinica_prosaude'
23-Jul-2024 21:14:46.516 INFORMAÇÕES [http-nio-8080-exec-87] org.apache.catalina.core.ApplicationContext.log Manager: list: Listing contexts for virtual host 'localhost'
23-Jul-2024 21:14:46.536 INFORMAÇÕES [http-nio-8080-exec-91] org.apache.catalina.core.ApplicationContext.log Manager: restart: Reloading web application '/clinica_prosaude'
23-Jul-2024 21:14:54.851 INFORMAÇÕES [http-nio-8080-exec-95] org.apache.catalina.core.ApplicationContext.log Manager: list: Listing contexts for virtual host 'localhost'
23-Jul-2024 21:14:56.889 INFORMAÇÕES [http-nio-8080-exec-88] org.apache.catalina.core.ApplicationContext.log Manager: list: Listing contexts for virtual host 'localhost'
23-Jul-2024 21:14:56.895 INFORMAÇÕES [http-nio-8080-exec-90] org.apache.catalina.core.ApplicationContext.log Manager: list: Listing contexts for virtual host 'localhost'
23-Jul-2024 21:14:56.915 INFORMAÇÕES [http-nio-8080-exec-95] org.apache.catalina.core.ApplicationContext.log Manager: restart: Reloading web application '/clinica_prosaude'
23-Jul-2024 21:17:02.091 INFORMAÇÕES [http-nio-8080-exec-99] org.apache.catalina.core.ApplicationContext.log Manager: list: Listing contexts for virtual host 'localhost'
23-Jul-2024 21:17:02.419 INFORMAÇÕES [http-nio-8080-exec-101] org.apache.catalina.core.ApplicationContext.log Manager: list: Listing contexts for virtual host 'localhost'
23-Jul-2024 21:17:02.436 INFORMAÇÕES [http-nio-8080-exec-100] org.apache.catalina.core.ApplicationContext.log Manager: restart: Reloading web application '/clinica_prosaude'
23-Jul-2024 21:17:03.397 INFORMAÇÕES [http-nio-8080-exec-103] org.apache.catalina.core.ApplicationContext.log Manager: list: Listing contexts for virtual host 'localhost'
23-Jul-2024 21:17:03.422 INFORMAÇÕES [http-nio-8080-exec-107] org.apache.catalina.core.ApplicationContext.log Manager: restart: Reloading web application '/clinica_prosaude'
23-Jul-2024 21:17:28.584 INFORMAÇÕES [http-nio-8080-exec-102] org.apache.catalina.core.ApplicationContext.log Manager: list: Listing contexts for virtual host 'localhost'
23-Jul-2024 21:17:28.614 INFORMAÇÕES [http-nio-8080-exec-106] org.apache.catalina.core.ApplicationContext.log Manager: restart: Reloading web application '/clinica_prosaude'
23-Jul-2024 21:17:29.886 INFORMAÇÕES [http-nio-8080-exec-105] org.apache.catalina.core.ApplicationContext.log Manager: list: Listing contexts for virtual host 'localhost'
23-Jul-2024 21:17:29.893 INFORMAÇÕES [http-nio-8080-exec-110] org.apache.catalina.core.ApplicationContext.log Manager: restart: Reloading web application '/clinica_prosaude'
23-Jul-2024 21:19:48.023 INFORMAÇÕES [http-nio-8080-exec-111] org.apache.catalina.core.ApplicationContext.log Manager: list: Listing contexts for virtual host 'localhost'
23-Jul-2024 21:19:48.032 INFORMAÇÕES [http-nio-8080-exec-112] org.apache.catalina.core.ApplicationContext.log Manager: restart: Reloading web application '/clinica_prosaude'
23-Jul-2024 21:19:56.906 INFORMAÇÕES [http-nio-8080-exec-114] org.apache.catalina.core.ApplicationContext.log Manager: list: Listing contexts for virtual host 'localhost'
23-Jul-2024 21:19:56.918 INFORMAÇÕES [http-nio-8080-exec-111] org.apache.catalina.core.ApplicationContext.log Manager: restart: Reloading web application '/clinica_prosaude'
23-Jul-2024 21:19:58.217 INFORMAÇÕES [http-nio-8080-exec-116] org.apache.catalina.core.ApplicationContext.log Manager: list: Listing contexts for virtual host 'localhost'
23-Jul-2024 21:19:58.226 INFORMAÇÕES [http-nio-8080-exec-101] org.apache.catalina.core.ApplicationContext.log Manager: restart: Reloading web application '/clinica_prosaude'
23-Jul-2024 21:19:59.362 INFORMAÇÕES [http-nio-8080-exec-112] org.apache.catalina.core.ApplicationContext.log Manager: list: Listing contexts for virtual host 'localhost'
23-Jul-2024 21:20:32.899 INFORMAÇÕES [http-nio-8080-exec-112] org.apache.catalina.core.ApplicationContext.log Manager: list: Listing contexts for virtual host 'localhost'
23-Jul-2024 21:20:32.975 INFORMAÇÕES [http-nio-8080-exec-107] org.apache.catalina.core.ApplicationContext.log Manager: list: Listing contexts for virtual host 'localhost'
23-Jul-2024 21:20:33.431 INFORMAÇÕES [http-nio-8080-exec-116] org.apache.catalina.core.ApplicationContext.log Manager: list: Listing contexts for virtual host 'localhost'
23-Jul-2024 21:20:33.439 INFORMAÇÕES [http-nio-8080-exec-105] org.apache.catalina.core.ApplicationContext.log Manager: restart: Reloading web application '/clinica_prosaude'
23-Jul-2024 21:20:34.336 INFORMAÇÕES [http-nio-8080-exec-117] org.apache.catalina.core.ApplicationContext.log Manager: list: Listing contexts for virtual host 'localhost'
23-Jul-2024 21:20:34.354 INFORMAÇÕES [http-nio-8080-exec-101] org.apache.catalina.core.ApplicationContext.log Manager: restart: Reloading web application '/clinica_prosaude'
23-Jul-2024 21:20:38.443 INFORMAÇÕES [http-nio-8080-exec-113] org.apache.catalina.core.ApplicationContext.log Manager: list: Listing contexts for virtual host 'localhost'
23-Jul-2024 21:20:38.472 INFORMAÇÕES [http-nio-8080-exec-107] org.apache.catalina.core.ApplicationContext.log Manager: list: Listing contexts for virtual host 'localhost'
23-Jul-2024 21:20:38.813 INFORMAÇÕES [http-nio-8080-exec-103] org.apache.catalina.core.ApplicationContext.log Manager: list: Listing contexts for virtual host 'localhost'
23-Jul-2024 21:20:38.814 INFORMAÇÕES [http-nio-8080-exec-116] org.apache.catalina.core.ApplicationContext.log Manager: restart: Reloading web application '/clinica_prosaude'
23-Jul-2024 21:20:39.913 INFORMAÇÕES [http-nio-8080-exec-103] org.apache.catalina.core.ApplicationContext.log Manager: list: Listing contexts for virtual host 'localhost'
23-Jul-2024 21:20:39.923 INFORMAÇÕES [http-nio-8080-exec-107] org.apache.catalina.core.ApplicationContext.log Manager: restart: Reloading web application '/clinica_prosaude'
23-Jul-2024 21:20:43.961 INFORMAÇÕES [http-nio-8080-exec-118] org.apache.catalina.core.ApplicationContext.log Manager: list: Listing contexts for virtual host 'localhost'
23-Jul-2024 21:20:43.985 INFORMAÇÕES [http-nio-8080-exec-112] org.apache.catalina.core.ApplicationContext.log Manager: list: Listing contexts for virtual host 'localhost'
23-Jul-2024 21:20:44.397 INFORMAÇÕES [http-nio-8080-exec-119] org.apache.catalina.core.ApplicationContext.log Manager: list: Listing contexts for virtual host 'localhost'
23-Jul-2024 21:20:44.417 INFORMAÇÕES [http-nio-8080-exec-123] org.apache.catalina.core.ApplicationContext.log Manager: restart: Reloading web application '/clinica_prosaude'
23-Jul-2024 21:20:45.539 INFORMAÇÕES [http-nio-8080-exec-101] org.apache.catalina.core.ApplicationContext.log Manager: list: Listing contexts for virtual host 'localhost'
23-Jul-2024 21:20:45.547 INFORMAÇÕES [http-nio-8080-exec-119] org.apache.catalina.core.ApplicationContext.log Manager: restart: Reloading web application '/clinica_prosaude'
23-Jul-2024 21:21:19.703 INFORMAÇÕES [http-nio-8080-exec-121] org.apache.catalina.core.ApplicationContext.log Manager: list: Listing contexts for virtual host 'localhost'
23-Jul-2024 21:21:19.728 INFORMAÇÕES [http-nio-8080-exec-118] org.apache.catalina.core.ApplicationContext.log Manager: restart: Reloading web application '/clinica_prosaude'
23-Jul-2024 21:21:21.185 INFORMAÇÕES [http-nio-8080-exec-117] org.apache.catalina.core.ApplicationContext.log Manager: list: Listing contexts for virtual host 'localhost'
23-Jul-2024 21:21:21.195 INFORMAÇÕES [http-nio-8080-exec-121] org.apache.catalina.core.ApplicationContext.log Manager: restart: Reloading web application '/clinica_prosaude'
23-Jul-2024 21:21:47.940 INFORMAÇÕES [http-nio-8080-exec-124] org.apache.catalina.core.ApplicationContext.log Manager: list: Listing contexts for virtual host 'localhost'
23-Jul-2024 21:21:47.947 INFORMAÇÕES [http-nio-8080-exec-112] org.apache.catalina.core.ApplicationContext.log Manager: restart: Reloading web application '/clinica_prosaude'
23-Jul-2024 21:21:49.067 INFORMAÇÕES [http-nio-8080-exec-125] org.apache.catalina.core.ApplicationContext.log Manager: list: Listing contexts for virtual host 'localhost'
23-Jul-2024 21:21:49.085 INFORMAÇÕES [http-nio-8080-exec-103] org.apache.catalina.core.ApplicationContext.log Manager: restart: Reloading web application '/clinica_prosaude'
23-Jul-2024 21:21:50.061 INFORMAÇÕES [http-nio-8080-exec-117] org.apache.catalina.core.ApplicationContext.log Manager: list: Listing contexts for virtual host 'localhost'
23-Jul-2024 21:21:50.107 INFORMAÇÕES [http-nio-8080-exec-103] org.apache.catalina.core.ApplicationContext.log Manager: list: Listing contexts for virtual host 'localhost'
23-Jul-2024 21:21:50.399 INFORMAÇÕES [http-nio-8080-exec-130] org.apache.catalina.core.ApplicationContext.log Manager: list: Listing contexts for virtual host 'localhost'
23-Jul-2024 21:21:50.407 INFORMAÇÕES [http-nio-8080-exec-121] org.apache.catalina.core.ApplicationContext.log Manager: restart: Reloading web application '/clinica_prosaude'
23-Jul-2024 21:22:06.279 INFORMAÇÕES [http-nio-8080-exec-128] org.apache.catalina.core.ApplicationContext.log Manager: list: Listing contexts for virtual host 'localhost'
23-Jul-2024 21:22:06.289 INFORMAÇÕES [http-nio-8080-exec-113] org.apache.catalina.core.ApplicationContext.log Manager: restart: Reloading web application '/clinica_prosaude'
23-Jul-2024 21:22:07.316 INFORMAÇÕES [http-nio-8080-exec-113] org.apache.catalina.core.ApplicationContext.log Manager: list: Listing contexts for virtual host 'localhost'
23-Jul-2024 21:22:07.326 INFORMAÇÕES [http-nio-8080-exec-129] org.apache.catalina.core.ApplicationContext.log Manager: restart: Reloading web application '/clinica_prosaude'
23-Jul-2024 21:22:21.396 INFORMAÇÕES [http-nio-8080-exec-133] org.apache.catalina.core.ApplicationContext.log Manager: list: Listing contexts for virtual host 'localhost'
23-Jul-2024 21:22:21.396 INFORMAÇÕES [http-nio-8080-exec-130] org.apache.catalina.core.ApplicationContext.log Manager: restart: Reloading web application '/clinica_prosaude'
23-Jul-2024 21:22:22.595 INFORMAÇÕES [http-nio-8080-exec-130] org.apache.catalina.core.ApplicationContext.log Manager: list: Listing contexts for virtual host 'localhost'
23-Jul-2024 21:22:22.604 INFORMAÇÕES [http-nio-8080-exec-129] org.apache.catalina.core.ApplicationContext.log Manager: restart: Reloading web application '/clinica_prosaude'
23-Jul-2024 21:22:23.553 INFORMAÇÕES [http-nio-8080-exec-132] org.apache.catalina.core.ApplicationContext.log Manager: list: Listing contexts for virtual host 'localhost'
23-Jul-2024 21:22:23.615 INFORMAÇÕES [http-nio-8080-exec-103] org.apache.catalina.core.ApplicationContext.log Manager: list: Listing contexts for virtual host 'localhost'
23-Jul-2024 21:22:23.866 INFORMAÇÕES [http-nio-8080-exec-103] org.apache.catalina.core.ApplicationContext.log Manager: list: Listing contexts for virtual host 'localhost'
23-Jul-2024 21:22:23.882 INFORMAÇÕES [http-nio-8080-exec-121] org.apache.catalina.core.ApplicationContext.log Manager: restart: Reloading web application '/clinica_prosaude'
23-Jul-2024 21:22:46.235 INFORMAÇÕES [http-nio-8080-exec-103] org.apache.catalina.core.ApplicationContext.log Manager: list: Listing contexts for virtual host 'localhost'
23-Jul-2024 21:22:46.244 INFORMAÇÕES [http-nio-8080-exec-125] org.apache.catalina.core.ApplicationContext.log Manager: restart: Reloading web application '/clinica_prosaude'
23-Jul-2024 21:22:47.209 INFORMAÇÕES [http-nio-8080-exec-103] org.apache.catalina.core.ApplicationContext.log Manager: list: Listing contexts for virtual host 'localhost'
23-Jul-2024 21:22:47.226 INFORMAÇÕES [http-nio-8080-exec-121] org.apache.catalina.core.ApplicationContext.log Manager: restart: Reloading web application '/clinica_prosaude'
23-Jul-2024 21:23:02.188 INFORMAÇÕES [http-nio-8080-exec-138] org.apache.catalina.core.ApplicationContext.log Manager: list: Listing contexts for virtual host 'localhost'
23-Jul-2024 21:23:02.195 INFORMAÇÕES [http-nio-8080-exec-133] org.apache.catalina.core.ApplicationContext.log Manager: restart: Reloading web application '/clinica_prosaude'
23-Jul-2024 21:23:03.161 INFORMAÇÕES [http-nio-8080-exec-103] org.apache.catalina.core.ApplicationContext.log Manager: list: Listing contexts for virtual host 'localhost'
23-Jul-2024 21:23:03.169 INFORMAÇÕES [http-nio-8080-exec-121] org.apache.catalina.core.ApplicationContext.log Manager: restart: Reloading web application '/clinica_prosaude'
23-Jul-2024 21:23:04.180 INFORMAÇÕES [http-nio-8080-exec-132] org.apache.catalina.core.ApplicationContext.log Manager: list: Listing contexts for virtual host 'localhost'
23-Jul-2024 21:23:04.242 INFORMAÇÕES [http-nio-8080-exec-132] org.apache.catalina.core.ApplicationContext.log Manager: list: Listing contexts for virtual host 'localhost'
23-Jul-2024 21:23:04.540 INFORMAÇÕES [http-nio-8080-exec-136] org.apache.catalina.core.ApplicationContext.log Manager: list: Listing contexts for virtual host 'localhost'
23-Jul-2024 21:23:04.549 INFORMAÇÕES [http-nio-8080-exec-137] org.apache.catalina.core.ApplicationContext.log Manager: restart: Reloading web application '/clinica_prosaude'
23-Jul-2024 21:23:26.775 INFORMAÇÕES [http-nio-8080-exec-121] org.apache.catalina.core.ApplicationContext.log Manager: list: Listing contexts for virtual host 'localhost'
23-Jul-2024 21:23:26.780 INFORMAÇÕES [http-nio-8080-exec-125] org.apache.catalina.core.ApplicationContext.log Manager: list: Listing contexts for virtual host 'localhost'
23-Jul-2024 21:23:26.805 INFORMAÇÕES [http-nio-8080-exec-137] org.apache.catalina.core.ApplicationContext.log Manager: restart: Reloading web application '/clinica_prosaude'
23-Jul-2024 21:24:20.197 INFORMAÇÕES [http-nio-8080-exec-143] org.apache.catalina.core.ApplicationContext.log Manager: list: Listing contexts for virtual host 'localhost'
23-Jul-2024 21:24:33.887 INFORMAÇÕES [http-nio-8080-exec-132] org.apache.catalina.core.ApplicationContext.log Manager: list: Listing contexts for virtual host 'localhost'
23-Jul-2024 21:24:33.907 INFORMAÇÕES [http-nio-8080-exec-142] org.apache.catalina.core.ApplicationContext.log Manager: restart: Reloading web application '/clinica_prosaude'
23-Jul-2024 21:24:35.871 INFORMAÇÕES [http-nio-8080-exec-149] org.apache.catalina.core.ApplicationContext.log Manager: list: Listing contexts for virtual host 'localhost'
23-Jul-2024 21:24:35.877 INFORMAÇÕES [http-nio-8080-exec-147] org.apache.catalina.core.ApplicationContext.log Manager: stop: Stopping web application '/clinica_prosaude'
23-Jul-2024 21:24:35.877 INFORMAÇÕES [http-nio-8080-exec-132] org.apache.catalina.core.ApplicationContext.log Manager: start: Starting web application '/clinica_prosaude'
23-Jul-2024 21:24:36.711 INFORMAÇÕES [http-nio-8080-exec-146] org.apache.catalina.core.ApplicationContext.log Manager: list: Listing contexts for virtual host 'localhost'
23-Jul-2024 21:24:36.716 INFORMAÇÕES [http-nio-8080-exec-141] org.apache.catalina.core.ApplicationContext.log Manager: restart: Reloading web application '/clinica_prosaude'
23-Jul-2024 21:25:29.107 INFORMAÇÕES [http-nio-8080-exec-150] org.apache.catalina.core.ApplicationContext.log Manager: list: Listing contexts for virtual host 'localhost'
23-Jul-2024 21:25:44.416 INFORMAÇÕES [http-nio-8080-exec-153] org.apache.catalina.core.ApplicationContext.log Manager: list: Listing contexts for virtual host 'localhost'
23-Jul-2024 21:25:44.451 INFORMAÇÕES [http-nio-8080-exec-144] org.apache.catalina.core.ApplicationContext.log Manager: stop: Stopping web application '/clinica_prosaude'
23-Jul-2024 21:25:44.460 INFORMAÇÕES [http-nio-8080-exec-154] org.apache.catalina.core.ApplicationContext.log Manager: start: Starting web application '/clinica_prosaude'
23-Jul-2024 21:25:45.502 INFORMAÇÕES [http-nio-8080-exec-149] org.apache.catalina.core.ApplicationContext.log Manager: list: Listing contexts for virtual host 'localhost'
23-Jul-2024 21:25:45.512 INFORMAÇÕES [http-nio-8080-exec-147] org.apache.catalina.core.ApplicationContext.log Manager: restart: Reloading web application '/clinica_prosaude'
23-Jul-2024 21:25:46.375 INFORMAÇÕES [http-nio-8080-exec-156] org.apache.catalina.core.ApplicationContext.log Manager: list: Listing contexts for virtual host 'localhost'
23-Jul-2024 21:25:46.382 INFORMAÇÕES [http-nio-8080-exec-157] org.apache.catalina.core.ApplicationContext.log Manager: restart: Reloading web application '/clinica_prosaude'
23-Jul-2024 21:25:47.118 INFORMAÇÕES [http-nio-8080-exec-155] org.apache.catalina.core.ApplicationContext.log Manager: list: Listing contexts for virtual host 'localhost'
23-Jul-2024 21:25:47.131 INFORMAÇÕES [http-nio-8080-exec-158] org.apache.catalina.core.ApplicationContext.log Manager: restart: Reloading web application '/clinica_prosaude'
23-Jul-2024 21:25:51.045 INFORMAÇÕES [http-nio-8080-exec-144] org.apache.catalina.core.ApplicationContext.log Manager: list: Listing contexts for virtual host 'localhost'
23-Jul-2024 21:25:51.048 INFORMAÇÕES [http-nio-8080-exec-158] org.apache.catalina.core.ApplicationContext.log Manager: list: Listing contexts for virtual host 'localhost'
23-Jul-2024 21:25:51.067 INFORMAÇÕES [http-nio-8080-exec-155] org.apache.catalina.core.ApplicationContext.log Manager: stop: Stopping web application '/clinica_prosaude'
23-Jul-2024 21:25:51.075 INFORMAÇÕES [http-nio-8080-exec-149] org.apache.catalina.core.ApplicationContext.log Manager: start: Starting web application '/clinica_prosaude'
23-Jul-2024 21:31:45.291 INFORMAÇÕES [http-nio-8080-exec-160] org.apache.catalina.core.ApplicationContext.log Manager: list: Listing contexts for virtual host 'localhost'
23-Jul-2024 21:31:45.296 INFORMAÇÕES [http-nio-8080-exec-161] org.apache.catalina.core.ApplicationContext.log Manager: restart: Reloading web application '/clinica_prosaude'
23-Jul-2024 21:31:45.948 INFORMAÇÕES [http-nio-8080-exec-169] org.apache.catalina.core.ApplicationContext.log Manager: list: Listing contexts for virtual host 'localhost'
23-Jul-2024 21:31:45.948 INFORMAÇÕES [http-nio-8080-exec-162] org.apache.catalina.core.ApplicationContext.log Manager: restart: Reloading web application '/clinica_prosaude'
23-Jul-2024 21:31:50.478 INFORMAÇÕES [http-nio-8080-exec-170] org.apache.catalina.core.ApplicationContext.log Manager: list: Listing contexts for virtual host 'localhost'
23-Jul-2024 21:31:50.494 INFORMAÇÕES [http-nio-8080-exec-168] org.apache.catalina.core.ApplicationContext.log Manager: list: Listing contexts for virtual host 'localhost'
23-Jul-2024 21:31:50.498 INFORMAÇÕES [http-nio-8080-exec-169] org.apache.catalina.core.ApplicationContext.log Manager: restart: Reloading web application '/clinica_prosaude'
23-Jul-2024 21:32:50.530 INFORMAÇÕES [http-nio-8080-exec-178] org.apache.catalina.core.ApplicationContext.log Manager: list: Listing contexts for virtual host 'localhost'
23-Jul-2024 21:32:50.536 INFORMAÇÕES [http-nio-8080-exec-178] org.apache.catalina.core.ApplicationContext.log Manager: list: Listing contexts for virtual host 'localhost'
23-Jul-2024 21:36:49.686 INFORMAÇÕES [http-nio-8080-exec-176] org.apache.catalina.core.ApplicationContext.log Manager: list: Listing contexts for virtual host 'localhost'
23-Jul-2024 21:36:49.686 INFORMAÇÕES [http-nio-8080-exec-177] org.apache.catalina.core.ApplicationContext.log Manager: restart: Reloading web application '/clinica_prosaude'
23-Jul-2024 21:36:50.366 INFORMAÇÕES [http-nio-8080-exec-182] org.apache.catalina.core.ApplicationContext.log Manager: list: Listing contexts for virtual host 'localhost'
23-Jul-2024 21:36:50.372 INFORMAÇÕES [http-nio-8080-exec-181] org.apache.catalina.core.ApplicationContext.log Manager: list: Listing contexts for virtual host 'localhost'
23-Jul-2024 21:36:50.402 INFORMAÇÕES [http-nio-8080-exec-175] org.apache.catalina.core.ApplicationContext.log Manager: restart: Reloading web application '/clinica_prosaude'
23-Jul-2024 21:36:50.667 INFORMAÇÕES [http-nio-8080-exec-178] org.apache.catalina.core.ApplicationContext.log Manager: list: Listing contexts for virtual host 'localhost'
23-Jul-2024 21:36:51.147 INFORMAÇÕES [http-nio-8080-exec-183] org.apache.catalina.core.ApplicationContext.log Manager: restart: Reloading web application '/clinica_prosaude'
23-Jul-2024 21:38:49.108 INFORMAÇÕES [http-nio-8080-exec-190] org.apache.catalina.core.ApplicationContext.log Manager: list: Listing contexts for virtual host 'localhost'
23-Jul-2024 21:38:49.114 INFORMAÇÕES [http-nio-8080-exec-187] org.apache.catalina.core.ApplicationContext.log Manager: list: Listing contexts for virtual host 'localhost'
23-Jul-2024 21:40:32.682 INFORMAÇÕES [http-nio-8080-exec-186] org.apache.catalina.core.ApplicationContext.log Manager: list: Listing contexts for virtual host 'localhost'
23-Jul-2024 21:40:33.796 INFORMAÇÕES [http-nio-8080-exec-187] org.apache.catalina.core.ApplicationContext.log Manager: list: Listing contexts for virtual host 'localhost'
23-Jul-2024 21:40:34.176 INFORMAÇÕES [http-nio-8080-exec-192] org.apache.catalina.core.ApplicationContext.log Manager: list: Listing contexts for virtual host 'localhost'
23-Jul-2024 21:40:34.192 INFORMAÇÕES [http-nio-8080-exec-185] org.apache.catalina.core.ApplicationContext.log Manager: restart: Reloading web application '/clinica_prosaude'
23-Jul-2024 21:40:48.267 INFORMAÇÕES [http-nio-8080-exec-195] org.apache.catalina.core.ApplicationContext.log Manager: list: Listing contexts for virtual host 'localhost'
23-Jul-2024 21:40:48.278 INFORMAÇÕES [http-nio-8080-exec-190] org.apache.catalina.core.ApplicationContext.log Manager: restart: Reloading web application '/clinica_prosaude'
23-Jul-2024 21:41:04.901 INFORMAÇÕES [http-nio-8080-exec-186] org.apache.catalina.core.ApplicationContext.log Manager: list: Listing contexts for virtual host 'localhost'
23-Jul-2024 21:41:04.906 INFORMAÇÕES [http-nio-8080-exec-193] org.apache.catalina.core.ApplicationContext.log Manager: list: Listing contexts for virtual host 'localhost'
23-Jul-2024 21:41:05.171 INFORMAÇÕES [http-nio-8080-exec-191] org.apache.catalina.core.ApplicationContext.log Manager: stop: Stopping web application '/clinica_prosaude'
23-Jul-2024 21:41:05.180 INFORMAÇÕES [http-nio-8080-exec-187] org.apache.catalina.core.ApplicationContext.log Manager: start: Starting web application '/clinica_prosaude'
23-Jul-2024 21:42:34.429 INFORMAÇÕES [http-nio-8080-exec-205] org.apache.catalina.core.ApplicationContext.log Manager: list: Listing contexts for virtual host 'localhost'
23-Jul-2024 21:42:34.435 INFORMAÇÕES [http-nio-8080-exec-201] org.apache.catalina.core.ApplicationContext.log Manager: list: Listing contexts for virtual host 'localhost'
23-Jul-2024 21:43:04.135 INFORMAÇÕES [http-nio-8080-exec-198] org.apache.catalina.core.ApplicationContext.log Manager: list: Listing contexts for virtual host 'localhost'
23-Jul-2024 21:43:04.138 INFORMAÇÕES [http-nio-8080-exec-203] org.apache.catalina.core.ApplicationContext.log Manager: list: Listing contexts for virtual host 'localhost'
23-Jul-2024 21:44:09.725 INFORMAÇÕES [http-nio-8080-exec-205] org.apache.catalina.core.ApplicationContext.log Manager: list: Listing contexts for virtual host 'localhost'
23-Jul-2024 21:44:09.744 INFORMAÇÕES [http-nio-8080-exec-199] org.apache.catalina.core.ApplicationContext.log Manager: list: Listing contexts for virtual host 'localhost'
23-Jul-2024 21:45:27.990 INFORMAÇÕES [http-nio-8080-exec-199] org.apache.catalina.core.ApplicationContext.log Manager: list: Listing contexts for virtual host 'localhost'
23-Jul-2024 21:45:27.993 INFORMAÇÕES [http-nio-8080-exec-206] org.apache.catalina.core.ApplicationContext.log Manager: restart: Reloading web application '/clinica_prosaude'
23-Jul-2024 21:45:28.681 INFORMAÇÕES [http-nio-8080-exec-201] org.apache.catalina.core.ApplicationContext.log Manager: list: Listing contexts for virtual host 'localhost'
23-Jul-2024 21:45:28.689 INFORMAÇÕES [http-nio-8080-exec-204] org.apache.catalina.core.ApplicationContext.log Manager: list: Listing contexts for virtual host 'localhost'
23-Jul-2024 21:45:29.063 INFORMAÇÕES [http-nio-8080-exec-199] org.apache.catalina.core.ApplicationContext.log Manager: restart: Reloading web application '/clinica_prosaude'
23-Jul-2024 21:46:18.943 INFORMAÇÕES [http-nio-8080-exec-213] org.apache.catalina.core.ApplicationContext.log Manager: list: Listing contexts for virtual host 'localhost'
23-Jul-2024 21:46:18.961 INFORMAÇÕES [http-nio-8080-exec-208] org.apache.catalina.core.ApplicationContext.log Manager: restart: Reloading web application '/clinica_prosaude'
23-Jul-2024 21:46:20.868 INFORMAÇÕES [http-nio-8080-exec-208] org.apache.catalina.core.ApplicationContext.log Manager: list: Listing contexts for virtual host 'localhost'
23-Jul-2024 21:46:20.923 INFORMAÇÕES [http-nio-8080-exec-208] org.apache.catalina.core.ApplicationContext.log Manager: list: Listing contexts for virtual host 'localhost'
23-Jul-2024 21:47:28.525 INFORMAÇÕES [http-nio-8080-exec-215] org.apache.catalina.core.ApplicationContext.log Manager: list: Listing contexts for virtual host 'localhost'
23-Jul-2024 21:47:28.532 INFORMAÇÕES [http-nio-8080-exec-216] org.apache.catalina.core.ApplicationContext.log Manager: stop: Stopping web application '/clinica_prosaude'
23-Jul-2024 21:47:28.540 INFORMAÇÕES [http-nio-8080-exec-214] org.apache.catalina.core.ApplicationContext.log Manager: start: Starting web application '/clinica_prosaude'
23-Jul-2024 21:47:34.272 INFORMAÇÕES [http-nio-8080-exec-201] org.apache.catalina.core.ApplicationContext.log Manager: list: Listing contexts for virtual host 'localhost'
23-Jul-2024 21:47:34.272 INFORMAÇÕES [http-nio-8080-exec-212] org.apache.catalina.core.ApplicationContext.log Manager: list: Listing contexts for virtual host 'localhost'
23-Jul-2024 21:47:34.490 INFORMAÇÕES [http-nio-8080-exec-205] org.apache.catalina.core.ApplicationContext.log Manager: stop: Stopping web application '/clinica_prosaude'
23-Jul-2024 21:47:34.495 INFORMAÇÕES [http-nio-8080-exec-214] org.apache.catalina.core.ApplicationContext.log Manager: start: Starting web application '/clinica_prosaude'
23-Jul-2024 21:48:00.892 INFORMAÇÕES [http-nio-8080-exec-220] org.apache.catalina.core.ApplicationContext.log Manager: list: Listing contexts for virtual host 'localhost'
23-Jul-2024 21:48:00.912 INFORMAÇÕES [http-nio-8080-exec-208] org.apache.catalina.core.ApplicationContext.log Manager: stop: Stopping web application '/clinica_prosaude'
23-Jul-2024 21:48:00.963 INFORMAÇÕES [http-nio-8080-exec-212] org.apache.catalina.core.ApplicationContext.log Manager: start: Starting web application '/clinica_prosaude'
23-Jul-2024 21:48:02.319 INFORMAÇÕES [http-nio-8080-exec-215] org.apache.catalina.core.ApplicationContext.log Manager: list: Listing contexts for virtual host 'localhost'
23-Jul-2024 21:48:02.319 INFORMAÇÕES [http-nio-8080-exec-220] org.apache.catalina.core.ApplicationContext.log Manager: restart: Reloading web application '/clinica_prosaude'
23-Jul-2024 21:48:13.557 INFORMAÇÕES [http-nio-8080-exec-228] org.apache.catalina.core.ApplicationContext.log Manager: list: Listing contexts for virtual host 'localhost'
23-Jul-2024 21:48:13.564 INFORMAÇÕES [http-nio-8080-exec-225] org.apache.catalina.core.ApplicationContext.log Manager: restart: Reloading web application '/clinica_prosaude'
23-Jul-2024 21:48:14.226 INFORMAÇÕES [http-nio-8080-exec-227] org.apache.catalina.core.ApplicationContext.log Manager: list: Listing contexts for virtual host 'localhost'
23-Jul-2024 21:48:14.226 INFORMAÇÕES [http-nio-8080-exec-219] org.apache.catalina.core.ApplicationContext.log Manager: list: Listing contexts for virtual host 'localhost'
23-Jul-2024 21:48:14.571 INFORMAÇÕES [http-nio-8080-exec-221] org.apache.catalina.core.ApplicationContext.log Manager: stop: Stopping web application '/clinica_prosaude'
23-Jul-2024 21:48:14.588 INFORMAÇÕES [http-nio-8080-exec-228] org.apache.catalina.core.ApplicationContext.log Manager: start: Starting web application '/clinica_prosaude'
